#
# A fatal error has been detected by the Java Runtime Environment:
#
#  EXCEPTION_ACCESS_VIOLATION (0xc0000005) at pc=0x00007ffe91f111b6, pid=16404, tid=2456
#
# JRE version: OpenJDK Runtime Environment (14.0.2+12) (build 14.0.2+12-46)
# Java VM: OpenJDK 64-Bit Server VM (14.0.2+12-46, mixed mode, tiered, compressed oops, g1 gc, windows-amd64)
# Problematic frame:
# V  [jvm.dll+0x1811b6]
#
# No core dump will be written. Minidumps are not enabled by default on client versions of Windows
#
# If you would like to submit a bug report, please visit:
#   https://bugreport.java.com/bugreport/crash.jsp
#

---------------  S U M M A R Y ------------

Command Line: -Dcom.sun.management.jmxremote -Dcom.sun.management.jmxremote.port=6536 -Dcom.sun.management.jmxremote.authenticate=false -Dcom.sun.management.jmxremote.ssl=false -Djava.rmi.server.hostname=localhost -Dspring.jmx.enabled=true -Dspring.application.admin.enabled=true -Xverify:none -XX:TieredStopAtLevel=1 -Dspring.boot.project.name=EurekaServerModule -Dfile.encoding=UTF-8 -XX:+ShowCodeDetailsInExceptionMessages com.example.microservice.MicroserviceDemoApplication --spring.output.ansi.enabled=always

Host: Intel(R) Core(TM) i3 CPU       M 330  @ 2.13GHz, 4 cores, 5G,  Windows 10 , 64 bit Build 16299 (10.0.16299.1806)
Time: Wed Oct 21 20:04:05 2020 India Standard Time elapsed time: 17 seconds (0d 0h 0m 17s)

---------------  T H R E A D  ---------------

Current thread (0x0000027d17ef4800):  GCTaskThread "GC Thread#3" [stack: 0x0000008a84700000,0x0000008a84800000] [id=2456]

Stack: [0x0000008a84700000,0x0000008a84800000],  sp=0x0000008a847ff1e8,  free space=1020k
Native frames: (J=compiled Java code, j=interpreted, Vv=VM code, C=native code)
V  [jvm.dll+0x1811b6]


siginfo: EXCEPTION_ACCESS_VIOLATION (0xc0000005), reading address 0x00000001041b0748


Register to memory mapping:

RIP=0x00007ffe91f111b6 jvm.dll
RAX=0x0000000000000001 is an unknown value
RBX=0x0000000000000001 is an unknown value
RCX=
[error occurred during error reporting (printing register info), id 0xc0000005, EXCEPTION_ACCESS_VIOLATION (0xc0000005) at pc=0x00007ffe92026a60]

Registers:
RAX=0x0000000000000001, RBX=0x0000000000000001, RCX=0x00000000a69b18d8, RDX=0x00000000a69b18d8
RSP=0x0000008a847ff1e8, RBP=0x0000027d18041a60, RSI=0x0000027d18041a60, RDI=0x0000000000000001
R8 =0x00000000a69b18d8, R9 =0x00000001041b0740, R10=0x0000000000000000, R11=0x00000000a6377400
R12=0x0000000000000000, R13=0x0000008a847ff520, R14=0x0000027d7b5b65f8, R15=0x00000000a69b18d8
RIP=0x00007ffe91f111b6, EFLAGS=0x0000000000010202

Top of Stack: (sp=0x0000008a847ff1e8)
0x0000008a847ff1e8:   00007ffe92059279 000000000000000d
0x0000008a847ff1f8:   0000000000000001 0000027d18041a60
0x0000008a847ff208:   00000000a63714a9 0000000000000000
0x0000008a847ff218:   00007ffe923ccfa5 0000000100000032
0x0000008a847ff228:   000000009202fe40 00000000a6993dca
0x0000008a847ff238:   0000027d7b601e70 0000027d7b5b65f8
0x0000008a847ff248:   0000000000000040 0000008a847ff520
0x0000008a847ff258:   0000000000000000 0000027d18041a60
0x0000008a847ff268:   0000027d7d781800 00000000a63774d4
0x0000008a847ff278:   00007ffe9202d9dd 0000000000004701
0x0000008a847ff288:   0000027d18040001 0000027d18041a60
0x0000008a847ff298:   00007ffe920605d6 0000027d7b5b65f0
0x0000008a847ff2a8:   00007ffe920576bb 000000000000036e
0x0000008a847ff2b8:   0000008a847ff390 0000027d7b5a7b00
0x0000008a847ff2c8:   0000027d7b5a4a30 00000000a54fc638
0x0000008a847ff2d8:   00007ffe92063fd4 00000000a54fc5b8 

Instructions: (pc=0x00007ffe91f111b6)
0x00007ffe91f110b6:   24 48 48 83 c4 30 5f c3 48 8b 07 48 8d 54 24 20
0x00007ffe91f110c6:   48 8b cf 66 0f 7f 44 24 20 ff 50 38 48 8b 5c 24
0x00007ffe91f110d6:   40 48 8b 74 24 48 48 83 c4 30 5f c3 cc cc cc cc
0x00007ffe91f110e6:   cc cc cc cc cc cc cc cc cc cc 48 89 5c 24 08 57
0x00007ffe91f110f6:   48 83 ec 30 48 8b 02 48 8b f9 48 8b ca 48 8b da
0x00007ffe91f11106:   ff 50 38 84 c0 74 48 0f 10 83 58 03 00 00 66 0f
0x00007ffe91f11116:   73 d8 08 66 48 0f 7e c0 48 85 c0 74 32 0f 10 83
0x00007ffe91f11126:   58 03 00 00 48 8b 07 48 8d 54 24 20 48 8b cf 0f
0x00007ffe91f11136:   29 44 24 20 ff 50 40 33 c0 48 89 44 24 20 48 89
0x00007ffe91f11146:   44 24 28 0f 10 44 24 20 0f 11 83 58 03 00 00 48
0x00007ffe91f11156:   8b 5c 24 40 48 83 c4 30 5f c3 48 8b 49 40 48 8b
0x00007ffe91f11166:   01 48 ff 60 28 cc cc cc cc cc 80 3d 2a ef 8b 00
0x00007ffe91f11176:   00 48 8b c1 74 1b 8b 51 08 8b 0d 1b e2 83 00 48
0x00007ffe91f11186:   d3 e2 48 8b c8 48 03 15 06 e2 83 00 e9 19 00 00
0x00007ffe91f11196:   00 48 8b 51 08 48 8b c8 e9 0d 00 00 00 cc cc cc
0x00007ffe91f111a6:   cc cc cc cc cc cc cc cc cc cc 4c 8b ca 48 8b d1
0x00007ffe91f111b6:   45 8b 41 08 45 85 c0 7e 0e 41 f6 c0 01 75 56 41
0x00007ffe91f111c6:   c1 f8 03 41 8b c0 c3 79 4c 80 3d cb ee 8b 00 00
0x00007ffe91f111d6:   b8 0c 00 00 00 b9 10 00 00 00 0f 45 c8 8b 05 bb
0x00007ffe91f111e6:   f1 83 00 ff c8 4c 63 c8 48 63 14 11 41 8b c8 83
0x00007ffe91f111f6:   e1 3f 48 d3 e2 41 8b c8 48 c1 f9 10 0f b6 c1 49
0x00007ffe91f11206:   8d 0c 11 49 f7 d1 48 03 c1 49 c1 e9 03 48 c1 e8
0x00007ffe91f11216:   03 41 23 c1 c3 49 8b 01 49 8b c9 48 ff a0 f8 00
0x00007ffe91f11226:   00 00 cc cc cc cc cc cc cc cc 48 8b c2 c3 cc cc
0x00007ffe91f11236:   cc cc cc cc cc cc cc cc cc cc 48 83 ec 38 0f 10
0x00007ffe91f11246:   02 48 8b 49 40 48 8d 54 24 20 0f 29 44 24 20 e8
0x00007ffe91f11256:   b6 f2 ff ff 48 83 c4 38 c3 cc 48 83 ec 38 0f 10
0x00007ffe91f11266:   02 48 8b 01 48 8d 54 24 20 0f 29 44 24 20 ff 50
0x00007ffe91f11276:   38 48 83 c4 38 c3 cc cc cc cc 48 89 5c 24 08 55
0x00007ffe91f11286:   56 57 41 54 41 55 41 56 41 57 48 8d 6c 24 e0 48
0x00007ffe91f11296:   81 ec 20 01 00 00 48 8b 05 55 25 87 00 48 33 c4
0x00007ffe91f112a6:   48 89 45 10 48 8b 05 9f 78 89 00 45 33 ed 4c 8b 


Stack slot to memory mapping:
stack at sp + 0 slots: 0x00007ffe92059279 jvm.dll
stack at sp + 1 slots: 0x000000000000000d is an unknown value
stack at sp + 2 slots: 0x0000000000000001 is an unknown value
stack at sp + 3 slots: 0x0000027d18041a60 points into unknown readable memory: 18 12 5e 92 fe 7f 00 00
stack at sp + 4 slots: 0x00000000a63714a9 is pointing into object: [Ljava.util.HashMap$Node; 
{0x00000000a63712a0} - klass: 'java/util/HashMap$Node'[]
 - length: 128
stack at sp + 5 slots: 0x0 is NULL
stack at sp + 6 slots: 0x00007ffe923ccfa5 jvm.dll
stack at sp + 7 slots: 0x0000000100000032 is pointing into metadata


---------------  P R O C E S S  ---------------

Threads class SMR info:
_java_thread_list=0x0000027d180fbd20, length=19, elements={
0x0000027d7b597800, 0x0000027d7fa2b800, 0x0000027d7fa40800, 0x0000027d7fa37800,
0x0000027d7fa60800, 0x0000027d7fa61800, 0x0000027d7fa64800, 0x0000027d7fa98000,
0x0000027d7f9b5800, 0x0000027d7fcc0000, 0x0000027d170cc800, 0x0000027d170b4000,
0x0000027d1710f800, 0x0000027d17121000, 0x0000027d17198000, 0x0000027d1729f000,
0x0000027d172ae800, 0x0000027d17db7800, 0x0000027d17e09000
}

Java Threads: ( => current thread )
  0x0000027d7b597800 JavaThread "main" [_thread_blocked, id=14928, stack(0x0000008a82300000,0x0000008a82400000)]
  0x0000027d7fa2b800 JavaThread "Reference Handler" daemon [_thread_blocked, id=1596, stack(0x0000008a82a00000,0x0000008a82b00000)]
  0x0000027d7fa40800 JavaThread "Finalizer" daemon [_thread_blocked, id=16048, stack(0x0000008a82b00000,0x0000008a82c00000)]
  0x0000027d7fa37800 JavaThread "Signal Dispatcher" daemon [_thread_blocked, id=10048, stack(0x0000008a82c00000,0x0000008a82d00000)]
  0x0000027d7fa60800 JavaThread "Attach Listener" daemon [_thread_blocked, id=8864, stack(0x0000008a82d00000,0x0000008a82e00000)]
  0x0000027d7fa61800 JavaThread "Service Thread" daemon [_thread_blocked, id=11696, stack(0x0000008a82e00000,0x0000008a82f00000)]
  0x0000027d7fa64800 JavaThread "C1 CompilerThread0" daemon [_thread_blocked, id=6656, stack(0x0000008a82f00000,0x0000008a83000000)]
  0x0000027d7fa98000 JavaThread "Sweeper thread" daemon [_thread_blocked, id=16444, stack(0x0000008a83000000,0x0000008a83100000)]
  0x0000027d7f9b5800 JavaThread "Common-Cleaner" daemon [_thread_blocked, id=16684, stack(0x0000008a83100000,0x0000008a83200000)]
  0x0000027d7fcc0000 JavaThread "Notification Thread" daemon [_thread_blocked, id=15072, stack(0x0000008a83200000,0x0000008a83300000)]
  0x0000027d170cc800 JavaThread "RMI TCP Accept-0" daemon [_thread_in_native, id=1804, stack(0x0000008a83700000,0x0000008a83800000)]
  0x0000027d170b4000 JavaThread "RMI TCP Accept-6536" daemon [_thread_in_native, id=15432, stack(0x0000008a83800000,0x0000008a83900000)]
  0x0000027d1710f800 JavaThread "RMI TCP Accept-0" daemon [_thread_in_native, id=16592, stack(0x0000008a83900000,0x0000008a83a00000)]
  0x0000027d17121000 JavaThread "RMI TCP Connection(1)-127.0.0.1" daemon [_thread_in_native, id=7028, stack(0x0000008a83b00000,0x0000008a83c00000)]
  0x0000027d17198000 JavaThread "RMI Scheduler(0)" daemon [_thread_blocked, id=11904, stack(0x0000008a83c00000,0x0000008a83d00000)]
  0x0000027d1729f000 JavaThread "RMI TCP Connection(2)-127.0.0.1" daemon [_thread_blocked, id=13224, stack(0x0000008a83d00000,0x0000008a83e00000)]
  0x0000027d172ae800 JavaThread "JMX server connection timeout 20" daemon [_thread_blocked, id=10052, stack(0x0000008a83e00000,0x0000008a83f00000)]
  0x0000027d17db7800 JavaThread "Thread-0" [_thread_blocked, id=2472, stack(0x0000008a84200000,0x0000008a84300000)]
  0x0000027d17e09000 JavaThread "restartedMain" [_thread_blocked, id=10112, stack(0x0000008a84300000,0x0000008a84400000)]

Other Threads:
  0x0000027d7fa18000 VMThread "VM Thread" [stack: 0x0000008a82900000,0x0000008a82a00000] [id=17392]
  0x0000027d17104800 WatcherThread [stack: 0x0000008a83a00000,0x0000008a83b00000] [id=372]
  0x0000027d7b5d4000 GCTaskThread "GC Thread#0" [stack: 0x0000008a82400000,0x0000008a82500000] [id=3356]
  0x0000027d16e6d800 GCTaskThread "GC Thread#1" [stack: 0x0000008a83600000,0x0000008a83700000] [id=16356]
  0x0000027d17eb1800 GCTaskThread "GC Thread#2" [stack: 0x0000008a84600000,0x0000008a84700000] [id=6628]
=>0x0000027d17ef4800 GCTaskThread "GC Thread#3" [stack: 0x0000008a84700000,0x0000008a84800000] [id=2456]
  0x0000027d7b5e2000 ConcurrentGCThread "G1 Main Marker" [stack: 0x0000008a82500000,0x0000008a82600000] [id=960]
  0x0000027d7b5e4000 ConcurrentGCThread "G1 Conc#0" [stack: 0x0000008a82600000,0x0000008a82700000] [id=16672]
  0x0000027d7b644800 ConcurrentGCThread "G1 Refine#0" [stack: 0x0000008a82700000,0x0000008a82800000] [id=10688]
  0x0000027d7b648800 ConcurrentGCThread "G1 Young RemSet Sampling" [stack: 0x0000008a82800000,0x0000008a82900000] [id=1120]

Threads with active compile tasks:

VM state:at safepoint (normal execution)

VM Mutex/Monitor currently owned by a thread:  ([mutex/lock_event])
[0x0000027d7b5934c0] Threads_lock - owner thread: 0x0000027d7fa18000
[0x0000027d7b594630] Heap_lock - owner thread: 0x0000027d17e09000

Heap address: 0x00000000a5200000, size: 1454 MB, Compressed Oops mode: 32-bit
Narrow klass base: 0x0000000000000000, Narrow klass shift: 3
Compressed class space size: 1073741824 Address: 0x0000000100000000

Heap:
 garbage-first heap   total 40960K, used 30815K [0x00000000a5200000, 0x0000000100000000)
  region size 1024K, 21 young (21504K), 2 survivors (2048K)
 Metaspace       used 28155K, capacity 28911K, committed 29056K, reserved 1075200K
  class space    used 3434K, capacity 3704K, committed 3712K, reserved 1048576K
Heap Regions: E=young(eden), S=young(survivor), O=old, HS=humongous(starts), HC=humongous(continues), CS=collection set, F=free, OA=open archive, CA=closed archive, TAMS=top-at-mark-start (previous, next)
|   0|0x00000000a5200000, 0x00000000a5300000, 0x00000000a5300000|100%| O|  |TAMS 0x00000000a5300000, 0x00000000a5200000| Untracked 
|   1|0x00000000a5300000, 0x00000000a5400000, 0x00000000a5400000|100%| O|  |TAMS 0x00000000a5400000, 0x00000000a5300000| Untracked 
|   2|0x00000000a5400000, 0x00000000a5500000, 0x00000000a5500000|100%| O|  |TAMS 0x00000000a5500000, 0x00000000a5400000| Untracked 
|   3|0x00000000a5500000, 0x00000000a5600000, 0x00000000a5600000|100%| O|  |TAMS 0x00000000a5600000, 0x00000000a5500000| Untracked 
|   4|0x00000000a5600000, 0x00000000a5700000, 0x00000000a5700000|100%| O|  |TAMS 0x00000000a5700000, 0x00000000a5600000| Untracked 
|   5|0x00000000a5700000, 0x00000000a5800000, 0x00000000a5800000|100%| O|  |TAMS 0x00000000a5800000, 0x00000000a5700000| Untracked 
|   6|0x00000000a5800000, 0x00000000a5900000, 0x00000000a5900000|100%| O|  |TAMS 0x00000000a5900000, 0x00000000a5800000| Untracked 
|   7|0x00000000a5900000, 0x00000000a59c0e00, 0x00000000a5a00000| 75%| O|  |TAMS 0x00000000a59c0e00, 0x00000000a5900000| Untracked 
|   8|0x00000000a5a00000, 0x00000000a5b00000, 0x00000000a5b00000|100%| O|  |TAMS 0x00000000a5a00000, 0x00000000a5a00000| Untracked 
|   9|0x00000000a5b00000, 0x00000000a5c00000, 0x00000000a5c00000|100%| O|  |TAMS 0x00000000a5b00000, 0x00000000a5b00000| Untracked 
|  10|0x00000000a5c00000, 0x00000000a5c3c870, 0x00000000a5d00000| 23%| O|  |TAMS 0x00000000a5c00000, 0x00000000a5c00000| Untracked 
|  11|0x00000000a5d00000, 0x00000000a5d00000, 0x00000000a5e00000|  0%| F|  |TAMS 0x00000000a5d00000, 0x00000000a5d00000| Untracked 
|  12|0x00000000a5e00000, 0x00000000a5e00000, 0x00000000a5f00000|  0%| F|  |TAMS 0x00000000a5e00000, 0x00000000a5e00000| Untracked 
|  13|0x00000000a5f00000, 0x00000000a5f00000, 0x00000000a6000000|  0%| F|  |TAMS 0x00000000a5f00000, 0x00000000a5f00000| Untracked 
|  14|0x00000000a6000000, 0x00000000a6000000, 0x00000000a6100000|  0%| F|  |TAMS 0x00000000a6000000, 0x00000000a6000000| Untracked 
|  15|0x00000000a6100000, 0x00000000a6100000, 0x00000000a6200000|  0%| F|  |TAMS 0x00000000a6100000, 0x00000000a6100000| Untracked 
|  16|0x00000000a6200000, 0x00000000a6200000, 0x00000000a6300000|  0%| F|  |TAMS 0x00000000a6200000, 0x00000000a6200000| Untracked 
|  17|0x00000000a6300000, 0x00000000a63ca200, 0x00000000a6400000| 78%| S|  |TAMS 0x00000000a6300000, 0x00000000a6300000| Complete 
|  18|0x00000000a6400000, 0x00000000a64aa388, 0x00000000a6500000| 66%| E|CS|TAMS 0x00000000a6400000, 0x00000000a6400000| Complete 
|  19|0x00000000a6500000, 0x00000000a6600000, 0x00000000a6600000|100%| E|CS|TAMS 0x00000000a6500000, 0x00000000a6500000| Complete 
|  20|0x00000000a6600000, 0x00000000a6700000, 0x00000000a6700000|100%| S|  |TAMS 0x00000000a6600000, 0x00000000a6600000| Complete 
|  21|0x00000000a6700000, 0x00000000a6800000, 0x00000000a6800000|100%| E|CS|TAMS 0x00000000a6700000, 0x00000000a6700000| Complete 
|  22|0x00000000a6800000, 0x00000000a6900000, 0x00000000a6900000|100%| E|CS|TAMS 0x00000000a6800000, 0x00000000a6800000| Complete 
|  23|0x00000000a6900000, 0x00000000a6a00000, 0x00000000a6a00000|100%| E|CS|TAMS 0x00000000a6900000, 0x00000000a6900000| Complete 
|  24|0x00000000a6a00000, 0x00000000a6b00000, 0x00000000a6b00000|100%| E|CS|TAMS 0x00000000a6a00000, 0x00000000a6a00000| Complete 
|  25|0x00000000a6b00000, 0x00000000a6c00000, 0x00000000a6c00000|100%| E|CS|TAMS 0x00000000a6b00000, 0x00000000a6b00000| Complete 
|  26|0x00000000a6c00000, 0x00000000a6d00000, 0x00000000a6d00000|100%| E|CS|TAMS 0x00000000a6c00000, 0x00000000a6c00000| Complete 
|  27|0x00000000a6d00000, 0x00000000a6e00000, 0x00000000a6e00000|100%| E|CS|TAMS 0x00000000a6d00000, 0x00000000a6d00000| Complete 
|  28|0x00000000a6e00000, 0x00000000a6f00000, 0x00000000a6f00000|100%| E|CS|TAMS 0x00000000a6e00000, 0x00000000a6e00000| Complete 
|  29|0x00000000a6f00000, 0x00000000a7000000, 0x00000000a7000000|100%| E|CS|TAMS 0x00000000a6f00000, 0x00000000a6f00000| Complete 
|  30|0x00000000a7000000, 0x00000000a7100000, 0x00000000a7100000|100%| E|CS|TAMS 0x00000000a7000000, 0x00000000a7000000| Complete 
|  31|0x00000000a7100000, 0x00000000a7200000, 0x00000000a7200000|100%| E|CS|TAMS 0x00000000a7100000, 0x00000000a7100000| Complete 
|  32|0x00000000a7200000, 0x00000000a7300000, 0x00000000a7300000|100%| E|CS|TAMS 0x00000000a7200000, 0x00000000a7200000| Complete 
|  33|0x00000000a7300000, 0x00000000a7400000, 0x00000000a7400000|100%| E|CS|TAMS 0x00000000a7300000, 0x00000000a7300000| Complete 
|  34|0x00000000a7400000, 0x00000000a7500000, 0x00000000a7500000|100%| E|CS|TAMS 0x00000000a7400000, 0x00000000a7400000| Complete 
|  35|0x00000000a7500000, 0x00000000a7600000, 0x00000000a7600000|100%| E|CS|TAMS 0x00000000a7500000, 0x00000000a7500000| Complete 
|  36|0x00000000a7600000, 0x00000000a7700000, 0x00000000a7700000|100%| E|CS|TAMS 0x00000000a7600000, 0x00000000a7600000| Complete 
|  37|0x00000000a7700000, 0x00000000a7800000, 0x00000000a7800000|100%| E|CS|TAMS 0x00000000a7700000, 0x00000000a7700000| Complete 
|  90|0x00000000aac00000, 0x00000000aad00000, 0x00000000aad00000|100%| E|CS|TAMS 0x00000000aac00000, 0x00000000aac00000| Complete 
|  91|0x00000000aad00000, 0x00000000aae00000, 0x00000000aae00000|100%| E|CS|TAMS 0x00000000aad00000, 0x00000000aad00000| Complete 

Card table byte_map: [0x0000027d7d780000,0x0000027d7da60000] _byte_map_base: 0x0000027d7d257000

Marking Bits (Prev, Next): (CMBitMap*) 0x0000027d7b5d4e48, (CMBitMap*) 0x0000027d7b5d4e08
 Prev Bits: [0x0000027d12bf0000, 0x0000027d142a8000)
 Next Bits: [0x0000027d7dd40000, 0x0000027d7f3f8000)

Polling page: 0x0000027d7b650000

Metaspace:

Usage:
  Non-class:     24.62 MB capacity,    24.14 MB ( 98%) used,   405.65 KB (  2%) free+waste,    80.31 KB ( <1%) overhead. 
      Class:      3.62 MB capacity,     3.35 MB ( 93%) used,   229.77 KB (  6%) free+waste,    40.13 KB (  1%) overhead. 
       Both:     28.23 MB capacity,    27.50 MB ( 97%) used,   635.42 KB (  2%) free+waste,   120.44 KB ( <1%) overhead. 

Virtual space:
  Non-class space:       26.00 MB reserved,      24.75 MB ( 95%) committed 
      Class space:        1.00 GB reserved,       3.63 MB ( <1%) committed 
             Both:        1.03 GB reserved,      28.38 MB (  3%) committed 

Chunk freelists:
   Non-Class:  9.00 KB
       Class:  8.00 KB
        Both:  17.00 KB

MaxMetaspaceSize: 17179869184.00 GB
CompressedClassSpaceSize: 1.00 GB

CodeHeap 'non-profiled nmethods': size=238912Kb used=3837Kb max_used=3837Kb free=235074Kb
 bounds [0x0000027d042a0000, 0x0000027d04660000, 0x0000027d12bf0000]
CodeHeap 'non-nmethods': size=6848Kb used=1204Kb max_used=1204Kb free=5643Kb
 bounds [0x0000027d03bf0000, 0x0000027d03e60000, 0x0000027d042a0000]
 total_blobs=3084 nmethods=2611 adapters=401
 compilation: enabled
              stopped_count=0, restarted_count=0
 full_count=0

Compilation events (20 events):
Event: 17.545 Thread 0x0000027d7fa64800 2602       1       java.net.URI::<init> (23 bytes)
Event: 17.546 Thread 0x0000027d7fa64800 nmethod 2602 0x0000027d0465ba10 code [0x0000027d0465bbc0, 0x0000027d0465be08]
Event: 17.546 Thread 0x0000027d7fa64800 2603       1       java.lang.String::contains (19 bytes)
Event: 17.547 Thread 0x0000027d7fa64800 nmethod 2603 0x0000027d0465be90 code [0x0000027d0465c040, 0x0000027d0465c158]
Event: 17.554 Thread 0x0000027d7fa64800 2605       1       org.springframework.util.StringUtils::delimitedListToStringArray (164 bytes)
Event: 17.558 Thread 0x0000027d7fa64800 nmethod 2605 0x0000027d0465c210 code [0x0000027d0465c4a0, 0x0000027d0465cf48]
Event: 17.558 Thread 0x0000027d7fa64800 2604       1       org.springframework.util.StringUtils::delimitedListToStringArray (7 bytes)
Event: 17.559 Thread 0x0000027d7fa64800 nmethod 2604 0x0000027d0465d690 code [0x0000027d0465d820, 0x0000027d0465d8e8]
Event: 17.580 Thread 0x0000027d7fa64800 2606   !   1       java.io.BufferedReader::read (104 bytes)
Event: 17.581 Thread 0x0000027d7fa64800 nmethod 2606 0x0000027d0465d990 code [0x0000027d0465db60, 0x0000027d0465dfb8]
Event: 17.582 Thread 0x0000027d7fa64800 2607       1       java.util.LinkedHashMap::keysToArray (38 bytes)
Event: 17.583 Thread 0x0000027d7fa64800 nmethod 2607 0x0000027d0465e290 code [0x0000027d0465e440, 0x0000027d0465e618]
Event: 17.583 Thread 0x0000027d7fa64800 2608       1       java.util.ArrayDeque::<init> (14 bytes)
Event: 17.584 Thread 0x0000027d7fa64800 nmethod 2608 0x0000027d0465e790 code [0x0000027d0465e920, 0x0000027d0465eab8]
Event: 17.597 Thread 0x0000027d7fa64800 2609       1       java.net.URI::toString (16 bytes)
Event: 17.598 Thread 0x0000027d7fa64800 nmethod 2609 0x0000027d0465eb90 code [0x0000027d0465ed20, 0x0000027d0465ee08]
Event: 17.601 Thread 0x0000027d7fa64800 2610       1       org.springframework.core.io.AbstractResource::<init> (5 bytes)
Event: 17.601 Thread 0x0000027d7fa64800 nmethod 2610 0x0000027d0465ee90 code [0x0000027d0465f020, 0x0000027d0465f0d8]
Event: 17.601 Thread 0x0000027d7fa64800 2611       1       org.springframework.core.io.AbstractFileResolvingResource::<init> (5 bytes)
Event: 17.601 Thread 0x0000027d7fa64800 nmethod 2611 0x0000027d0465f190 code [0x0000027d0465f320, 0x0000027d0465f3d8]

GC Heap History (15 events):
Event: 2.669 GC heap before
{Heap before GC invocations=0 (full 0):
 garbage-first heap   total 94208K, used 12288K [0x00000000a5200000, 0x0000000100000000)
  region size 1024K, 13 young (13312K), 0 survivors (0K)
 Metaspace       used 6931K, capacity 6991K, committed 7168K, reserved 1056768K
  class space    used 629K, capacity 670K, committed 768K, reserved 1048576K
}
Event: 2.707 GC heap after
{Heap after GC invocations=1 (full 0):
 garbage-first heap   total 94208K, used 5120K [0x00000000a5200000, 0x0000000100000000)
  region size 1024K, 2 young (2048K), 2 survivors (2048K)
 Metaspace       used 6931K, capacity 6991K, committed 7168K, reserved 1056768K
  class space    used 629K, capacity 670K, committed 768K, reserved 1048576K
}
Event: 5.547 GC heap before
{Heap before GC invocations=1 (full 0):
 garbage-first heap   total 94208K, used 16384K [0x00000000a5200000, 0x0000000100000000)
  region size 1024K, 14 young (14336K), 2 survivors (2048K)
 Metaspace       used 14391K, capacity 14732K, committed 14976K, reserved 1062912K
  class space    used 1515K, capacity 1627K, committed 1664K, reserved 1048576K
}
Event: 5.571 GC heap after
{Heap after GC invocations=2 (full 0):
 garbage-first heap   total 94208K, used 7922K [0x00000000a5200000, 0x0000000100000000)
  region size 1024K, 2 young (2048K), 2 survivors (2048K)
 Metaspace       used 14391K, capacity 14732K, committed 14976K, reserved 1062912K
  class space    used 1515K, capacity 1627K, committed 1664K, reserved 1048576K
}
Event: 7.088 GC heap before
{Heap before GC invocations=2 (full 0):
 garbage-first heap   total 94208K, used 23282K [0x00000000a5200000, 0x0000000100000000)
  region size 1024K, 18 young (18432K), 2 survivors (2048K)
 Metaspace       used 15652K, capacity 16066K, committed 16256K, reserved 1062912K
  class space    used 1670K, capacity 1820K, committed 1920K, reserved 1048576K
}
Event: 7.108 GC heap after
{Heap after GC invocations=3 (full 0):
 garbage-first heap   total 94208K, used 8963K [0x00000000a5200000, 0x0000000100000000)
  region size 1024K, 1 young (1024K), 1 survivors (1024K)
 Metaspace       used 15652K, capacity 16066K, committed 16256K, reserved 1062912K
  class space    used 1670K, capacity 1820K, committed 1920K, reserved 1048576K
}
Event: 11.696 GC heap before
{Heap before GC invocations=3 (full 0):
 garbage-first heap   total 94208K, used 62211K [0x00000000a5200000, 0x0000000100000000)
  region size 1024K, 55 young (56320K), 1 survivors (1024K)
 Metaspace       used 20713K, capacity 21160K, committed 21248K, reserved 1069056K
  class space    used 2355K, capacity 2525K, committed 2560K, reserved 1048576K
}
Event: 11.717 GC heap after
{Heap after GC invocations=4 (full 0):
 garbage-first heap   total 94208K, used 9726K [0x00000000a5200000, 0x0000000100000000)
  region size 1024K, 2 young (2048K), 2 survivors (2048K)
 Metaspace       used 20713K, capacity 21160K, committed 21248K, reserved 1069056K
  class space    used 2355K, capacity 2525K, committed 2560K, reserved 1048576K
}
Event: 12.947 GC heap before
{Heap before GC invocations=5 (full 0):
 garbage-first heap   total 40960K, used 32254K [0x00000000a5200000, 0x0000000100000000)
  region size 1024K, 24 young (24576K), 2 survivors (2048K)
 Metaspace       used 22688K, capacity 23271K, committed 23424K, reserved 1069056K
  class space    used 2681K, capacity 2884K, committed 2944K, reserved 1048576K
}
Event: 12.959 GC heap after
{Heap after GC invocations=6 (full 0):
 garbage-first heap   total 40960K, used 10363K [0x00000000a5200000, 0x0000000100000000)
  region size 1024K, 2 young (2048K), 2 survivors (2048K)
 Metaspace       used 22688K, capacity 23271K, committed 23424K, reserved 1069056K
  class space    used 2681K, capacity 2884K, committed 2944K, reserved 1048576K
}
Event: 13.751 GC heap before
{Heap before GC invocations=6 (full 0):
 garbage-first heap   total 40960K, used 28795K [0x00000000a5200000, 0x0000000100000000)
  region size 1024K, 20 young (20480K), 2 survivors (2048K)
 Metaspace       used 23760K, capacity 24333K, committed 24448K, reserved 1071104K
  class space    used 2886K, capacity 3107K, committed 3200K, reserved 1048576K
}
Event: 13.765 GC heap after
{Heap after GC invocations=7 (full 0):
 garbage-first heap   total 40960K, used 10855K [0x00000000a5200000, 0x0000000100000000)
  region size 1024K, 2 young (2048K), 2 survivors (2048K)
 Metaspace       used 23760K, capacity 24333K, committed 24448K, reserved 1071104K
  class space    used 2886K, capacity 3107K, committed 3200K, reserved 1048576K
}
Event: 15.182 GC heap before
{Heap before GC invocations=7 (full 0):
 garbage-first heap   total 40960K, used 28263K [0x00000000a5200000, 0x0000000100000000)
  region size 1024K, 20 young (20480K), 2 survivors (2048K)
 Metaspace       used 25732K, capacity 26392K, committed 26496K, reserved 1073152K
  class space    used 3131K, capacity 3390K, committed 3456K, reserved 1048576K
}
Event: 15.195 GC heap after
{Heap after GC invocations=8 (full 0):
 garbage-first heap   total 40960K, used 11359K [0x00000000a5200000, 0x0000000100000000)
  region size 1024K, 2 young (2048K), 2 survivors (2048K)
 Metaspace       used 25732K, capacity 26392K, committed 26496K, reserved 1073152K
  class space    used 3131K, capacity 3390K, committed 3456K, reserved 1048576K
}
Event: 17.619 GC heap before
{Heap before GC invocations=8 (full 0):
 garbage-first heap   total 40960K, used 30815K [0x00000000a5200000, 0x0000000100000000)
  region size 1024K, 21 young (21504K), 2 survivors (2048K)
 Metaspace       used 28155K, capacity 28911K, committed 29056K, reserved 1075200K
  class space    used 3434K, capacity 3704K, committed 3712K, reserved 1048576K
}

Deoptimization events (0 events):
No events

Classes unloaded (0 events):
No events

Classes redefined (0 events):
No events

Internal exceptions (20 events):
Event: 12.940 Thread 0x0000027d17e09000 Exception <a 'java/lang/ClassNotFoundException'{0x00000000a628fd48}: org/springframework/beans/factory/support/BeanDefinitionRegistryPostProcessorCustomizer> (0x00000000a628fd48) 
thrown [./open/src/hotspot/share/classfile/systemDictionary.cpp, line 226]
Event: 12.946 Thread 0x0000027d17e09000 Exception <a 'java/lang/ClassNotFoundException'{0x00000000a62ae5e0}: org/springframework/beans/factory/config/BeanFactoryPostProcessorCustomizer> (0x00000000a62ae5e0) 
thrown [./open/src/hotspot/share/classfile/systemDictionary.cpp, line 226]
Event: 12.966 Thread 0x0000027d17e09000 Exception <a 'java/lang/ClassNotFoundException'{0x00000000aad185f8}: org/springframework/core/PriorityOrderedCustomizer> (0x00000000aad185f8) 
thrown [./open/src/hotspot/share/classfile/systemDictionary.cpp, line 226]
Event: 12.969 Thread 0x0000027d17e09000 Exception <a 'java/lang/ClassNotFoundException'{0x00000000aad66008}: org/springframework/core/OrderedCustomizer> (0x00000000aad66008) 
thrown [./open/src/hotspot/share/classfile/systemDictionary.cpp, line 226]
Event: 12.973 Thread 0x0000027d17e09000 Exception <a 'java/lang/ClassNotFoundException'{0x00000000aad80070}: org/springframework/context/ResourceLoaderAwareCustomizer> (0x00000000aad80070) 
thrown [./open/src/hotspot/share/classfile/systemDictionary.cpp, line 226]
Event: 12.977 Thread 0x0000027d17e09000 Exception <a 'java/lang/ClassNotFoundException'{0x00000000aadeb848}: org/springframework/beans/factory/AwareCustomizer> (0x00000000aadeb848) 
thrown [./open/src/hotspot/share/classfile/systemDictionary.cpp, line 226]
Event: 12.979 Thread 0x0000027d17e09000 Exception <a 'java/lang/ClassNotFoundException'{0x00000000aac22898}: org/springframework/beans/factory/BeanClassLoaderAwareCustomizer> (0x00000000aac22898) 
thrown [./open/src/hotspot/share/classfile/systemDictionary.cpp, line 226]
Event: 12.995 Thread 0x0000027d1729f000 Exception <a 'java/lang/reflect/InvocationTargetException'{0x00000000aac453b0}> (0x00000000aac453b0) 
thrown [./open/src/hotspot/share/runtime/reflection.cpp, line 1188]
Event: 12.998 Thread 0x0000027d17e09000 Exception <a 'java/lang/ClassNotFoundException'{0x00000000aac3b090}: org/springframework/beans/factory/AwareCustomizer> (0x00000000aac3b090) 
thrown [./open/src/hotspot/share/classfile/systemDictionary.cpp, line 226]
Event: 13.011 Thread 0x0000027d17e09000 Exception <a 'java/lang/ClassNotFoundException'{0x00000000aac7d670}: org/springframework/context/EnvironmentAwareCustomizer> (0x00000000aac7d670) 
thrown [./open/src/hotspot/share/classfile/systemDictionary.cpp, line 226]
Event: 13.014 Thread 0x0000027d17e09000 Exception <a 'java/lang/ClassNotFoundException'{0x00000000aaccd440}: org/springframework/beans/factory/AwareCustomizer> (0x00000000aaccd440) 
thrown [./open/src/hotspot/share/classfile/systemDictionary.cpp, line 226]
Event: 13.539 Thread 0x0000027d1729f000 Exception <a 'java/lang/reflect/InvocationTargetException'{0x00000000a691fe00}> (0x00000000a691fe00) 
thrown [./open/src/hotspot/share/runtime/reflection.cpp, line 1188]
Event: 13.694 Thread 0x0000027d17e09000 Exception <a 'java/lang/NoSuchMethodError'{0x00000000a6860460}: 'void java.lang.invoke.DirectMethodHandle$Holder.invokeStatic(java.lang.Object, java.lang.Object, java.lang.Object, java.lang.Object)'> (0x00000000a6860460) 
thrown [./open/src/hotspot/share/interpreter/linkResolver.cpp, line 766]
Event: 13.701 Thread 0x0000027d17e09000 Exception <a 'java/lang/NoSuchMethodError'{0x00000000a686cd80}: 'void java.lang.invoke.DirectMethodHandle$Holder.invokeInterface(java.lang.Object, java.lang.Object, java.lang.Object, java.lang.Object)'> (0x00000000a686cd80) 
thrown [./open/src/hotspot/share/interpreter/linkResolver.cpp, line 766]
Event: 14.957 Thread 0x0000027d17e06800 Exception <a 'java/lang/NoSuchMethodError'{0x00000000a6bf6b58}: 'java.lang.Object java.lang.invoke.DirectMethodHandle$Holder.invokeStaticInit(java.lang.Object, java.lang.Object, java.lang.Object, java.lang.Object, java.lang.Object)'> (0x00000000a6bf6b58) 
thrown [./open/src/hotspot/share/interpreter/linkResolver.cpp, line 766]
Event: 16.033 Thread 0x0000027d17e06800 Exception <a 'java/lang/NoSuchMethodError'{0x00000000a6db38a8}: 'long java.lang.invoke.DirectMethodHandle$Holder.invokeStatic(java.lang.Object, java.lang.Object)'> (0x00000000a6db38a8) 
thrown [./open/src/hotspot/share/interpreter/linkResolver.cpp, line 766]
Event: 16.034 Thread 0x0000027d17e06800 Exception <a 'java/lang/NoSuchMethodError'{0x00000000a6db65b0}: 'long java.lang.invoke.DirectMethodHandle$Holder.invokeStaticInit(java.lang.Object, java.lang.Object)'> (0x00000000a6db65b0) 
thrown [./open/src/hotspot/share/interpreter/linkResolver.cpp, line 766]
Event: 16.057 Thread 0x0000027d17e06800 Exception <a 'java/lang/NoSuchMethodError'{0x00000000a6de0ff0}: 'long java.lang.invoke.DirectMethodHandle$Holder.invokeInterface(java.lang.Object, java.lang.Object)'> (0x00000000a6de0ff0) 
thrown [./open/src/hotspot/share/interpreter/linkResolver.cpp, line 766]
Event: 16.058 Thread 0x0000027d17e06800 Exception <a 'java/lang/IncompatibleClassChangeError'{0x00000000a6de3b18}: Found class java.lang.Object, but interface was expected> (0x00000000a6de3b18) 
thrown [./open/src/hotspot/share/interpreter/linkResolver.cpp, line 832]
Event: 16.143 Thread 0x0000027d17e06800 Exception <a 'java/lang/NoSuchMethodError'{0x00000000a6c9c848}: 'java.lang.Object java.lang.invoke.DirectMethodHandle$Holder.invokeVirtual(java.lang.Object, java.lang.Object, java.lang.Object, java.lang.Object)'> (0x00000000a6c9c848) 
thrown [./open/src/hotspot/share/interpreter/linkResolver.cpp, line 766]

Events (20 events):
Event: 16.490 Executing VM operation: HandshakeOneThread
Event: 16.491 Executing VM operation: HandshakeOneThread done
Event: 16.491 Thread 0x0000027d17e06800 Thread exited: 0x0000027d17e06800
Event: 17.515 Thread 0x0000027d17e07000 Thread added: 0x0000027d17e07000
Event: 17.534 Executing VM operation: HandshakeOneThread
Event: 17.534 Executing VM operation: HandshakeOneThread done
Event: 17.534 Thread 0x0000027d17e07000 Thread exited: 0x0000027d17e07000
Event: 17.562 loading class java/io/LineNumberReader
Event: 17.563 loading class java/io/LineNumberReader done
Event: 17.565 Executing VM operation: HandshakeAllThreads
Event: 17.565 Executing VM operation: HandshakeAllThreads done
Event: 17.567 loading class sun/net/ProgressMonitor
Event: 17.568 loading class sun/net/ProgressMonitor done
Event: 17.568 loading class sun/net/DefaultProgressMeteringPolicy
Event: 17.569 loading class sun/net/ProgressMeteringPolicy
Event: 17.569 loading class sun/net/ProgressMeteringPolicy done
Event: 17.569 loading class sun/net/DefaultProgressMeteringPolicy done
Event: 17.569 loading class sun/nio/cs/ISO_8859_1$Decoder
Event: 17.570 loading class sun/nio/cs/ISO_8859_1$Decoder done
Event: 17.619 Executing VM operation: G1CollectForAllocation


Dynamic libraries:
0x00007ff68d8f0000 - 0x00007ff68d8fd000 	C:\Users\Chris Maria\Downloads\sts-4.8.0.RELEASE\plugins\org.eclipse.justj.openjdk.hotspot.jre.full.win32.x86_64_14.0.2.v20200815-0932\jre\bin\javaw.exe
0x00007ffeceef0000 - 0x00007ffecf0d0000 	C:\Windows\SYSTEM32\ntdll.dll
0x00007ffece7c0000 - 0x00007ffece86e000 	C:\Windows\System32\KERNEL32.DLL
0x00007ffecb350000 - 0x00007ffecb5b6000 	C:\Windows\System32\KERNELBASE.dll
0x00007ffecbd90000 - 0x00007ffecbe84000 	C:\Windows\System32\ucrtbase.dll
0x00007ffe9d730000 - 0x00007ffe9d748000 	C:\Users\Chris Maria\Downloads\sts-4.8.0.RELEASE\plugins\org.eclipse.justj.openjdk.hotspot.jre.full.win32.x86_64_14.0.2.v20200815-0932\jre\bin\jli.dll
0x00007ffe9d390000 - 0x00007ffe9d3a5000 	C:\Users\Chris Maria\Downloads\sts-4.8.0.RELEASE\plugins\org.eclipse.justj.openjdk.hotspot.jre.full.win32.x86_64_14.0.2.v20200815-0932\jre\bin\VCRUNTIME140.dll
0x00007ffece3d0000 - 0x00007ffece55f000 	C:\Windows\System32\USER32.dll
0x00007ffecbe90000 - 0x00007ffecbeb0000 	C:\Windows\System32\win32u.dll
0x00007ffebd940000 - 0x00007ffebdba9000 	C:\Windows\WinSxS\amd64_microsoft.windows.common-controls_6595b64144ccf1df_6.0.16299.2107_none_0f8874285a6cbc77\COMCTL32.dll
0x00007ffece980000 - 0x00007ffecea1d000 	C:\Windows\System32\msvcrt.dll
0x00007ffecc840000 - 0x00007ffecc868000 	C:\Windows\System32\GDI32.dll
0x00007ffecc050000 - 0x00007ffecc1e3000 	C:\Windows\System32\gdi32full.dll
0x00007ffecc870000 - 0x00007ffeccb76000 	C:\Windows\System32\combase.dll
0x00007ffecbeb0000 - 0x00007ffecbf4b000 	C:\Windows\System32\msvcp_win.dll
0x00007ffecc3c0000 - 0x00007ffecc4df000 	C:\Windows\System32\RPCRT4.dll
0x00007ffecbd10000 - 0x00007ffecbd88000 	C:\Windows\System32\bcryptPrimitives.dll
0x00007ffecea40000 - 0x00007ffecea6d000 	C:\Windows\System32\IMM32.DLL
0x00007ffe8f5e0000 - 0x00007ffe8f67b000 	C:\Users\Chris Maria\Downloads\sts-4.8.0.RELEASE\plugins\org.eclipse.justj.openjdk.hotspot.jre.full.win32.x86_64_14.0.2.v20200815-0932\jre\bin\msvcp140.dll
0x00007ffe91d90000 - 0x00007ffe928ae000 	C:\Users\Chris Maria\Downloads\sts-4.8.0.RELEASE\plugins\org.eclipse.justj.openjdk.hotspot.jre.full.win32.x86_64_14.0.2.v20200815-0932\jre\bin\server\jvm.dll
0x00007ffece560000 - 0x00007ffece601000 	C:\Windows\System32\ADVAPI32.dll
0x00007ffeccc80000 - 0x00007ffecccdb000 	C:\Windows\System32\sechost.dll
0x00007ffece680000 - 0x00007ffece688000 	C:\Windows\System32\PSAPI.DLL
0x00007ffebdc10000 - 0x00007ffebdc19000 	C:\Windows\SYSTEM32\WSOCK32.dll
0x00007ffece610000 - 0x00007ffece67c000 	C:\Windows\System32\WS2_32.dll
0x00007ffec89a0000 - 0x00007ffec89c3000 	C:\Windows\SYSTEM32\WINMM.dll
0x00007ffeca130000 - 0x00007ffeca13a000 	C:\Windows\SYSTEM32\VERSION.dll
0x00007ffec8940000 - 0x00007ffec896a000 	C:\Windows\SYSTEM32\winmmbase.dll
0x00007ffecc000000 - 0x00007ffecc04a000 	C:\Windows\System32\cfgmgr32.dll
0x00007ffecb2b0000 - 0x00007ffecb2c1000 	C:\Windows\System32\kernel.appcore.dll
0x00007ffec2620000 - 0x00007ffec262a000 	C:\Users\Chris Maria\Downloads\sts-4.8.0.RELEASE\plugins\org.eclipse.justj.openjdk.hotspot.jre.full.win32.x86_64_14.0.2.v20200815-0932\jre\bin\jimage.dll
0x00007ffecada0000 - 0x00007ffecaf68000 	C:\Windows\SYSTEM32\DBGHELP.DLL
0x00007ffeca970000 - 0x00007ffeca999000 	C:\Windows\SYSTEM32\dbgcore.DLL
0x00007ffea72a0000 - 0x00007ffea72c5000 	C:\Users\Chris Maria\Downloads\sts-4.8.0.RELEASE\plugins\org.eclipse.justj.openjdk.hotspot.jre.full.win32.x86_64_14.0.2.v20200815-0932\jre\bin\java.dll
0x00007ffebc190000 - 0x00007ffebc1a6000 	C:\Users\Chris Maria\Downloads\sts-4.8.0.RELEASE\plugins\org.eclipse.justj.openjdk.hotspot.jre.full.win32.x86_64_14.0.2.v20200815-0932\jre\bin\zip.dll
0x00007ffeccf80000 - 0x00007ffece3be000 	C:\Windows\System32\SHELL32.dll
0x00007ffeccd60000 - 0x00007ffecce06000 	C:\Windows\System32\shcore.dll
0x00007ffecb5c0000 - 0x00007ffecbd0d000 	C:\Windows\System32\windows.storage.dll
0x00007ffecc4e0000 - 0x00007ffecc531000 	C:\Windows\System32\shlwapi.dll
0x00007ffecb240000 - 0x00007ffecb28c000 	C:\Windows\System32\powrprof.dll
0x00007ffecb290000 - 0x00007ffecb2ab000 	C:\Windows\System32\profapi.dll
0x00007ffebbf60000 - 0x00007ffebbf79000 	C:\Users\Chris Maria\Downloads\sts-4.8.0.RELEASE\plugins\org.eclipse.justj.openjdk.hotspot.jre.full.win32.x86_64_14.0.2.v20200815-0932\jre\bin\net.dll
0x00007ffec66a0000 - 0x00007ffec677e000 	C:\Windows\SYSTEM32\WINHTTP.dll
0x00007ffeca780000 - 0x00007ffeca7e6000 	C:\Windows\system32\mswsock.dll
0x00007ffea3de0000 - 0x00007ffea3df2000 	C:\Users\Chris Maria\Downloads\sts-4.8.0.RELEASE\plugins\org.eclipse.justj.openjdk.hotspot.jre.full.win32.x86_64_14.0.2.v20200815-0932\jre\bin\nio.dll
0x00007ffec55d0000 - 0x00007ffec55d9000 	C:\Users\Chris Maria\Downloads\sts-4.8.0.RELEASE\plugins\org.eclipse.justj.openjdk.hotspot.jre.full.win32.x86_64_14.0.2.v20200815-0932\jre\bin\management.dll
0x00007ffec53d0000 - 0x00007ffec53db000 	C:\Users\Chris Maria\Downloads\sts-4.8.0.RELEASE\plugins\org.eclipse.justj.openjdk.hotspot.jre.full.win32.x86_64_14.0.2.v20200815-0932\jre\bin\management_ext.dll
0x00007ffe974c0000 - 0x00007ffe974d6000 	C:\Windows\system32\napinsp.dll
0x00007ffe97040000 - 0x00007ffe9705a000 	C:\Windows\system32\pnrpnsp.dll
0x00007ffec7710000 - 0x00007ffec7728000 	C:\Windows\system32\NLAapi.dll
0x00007ffeca510000 - 0x00007ffeca5c7000 	C:\Windows\SYSTEM32\DNSAPI.dll
0x00007ffecc540000 - 0x00007ffecc548000 	C:\Windows\System32\NSI.dll
0x00007ffeca4d0000 - 0x00007ffeca509000 	C:\Windows\SYSTEM32\IPHLPAPI.DLL
0x00007ffec2630000 - 0x00007ffec263e000 	C:\Windows\System32\winrnr.dll
0x00007ffeaae10000 - 0x00007ffeaae25000 	C:\Windows\System32\wshbth.dll
0x00007ffec3060000 - 0x00007ffec306a000 	C:\Windows\System32\rasadhlp.dll
0x00007ffec4300000 - 0x00007ffec4370000 	C:\Windows\System32\fwpuclnt.dll
0x00007ffecad70000 - 0x00007ffecad95000 	C:\Windows\SYSTEM32\bcrypt.dll
0x00007ffecaf70000 - 0x00007ffecaf87000 	C:\Windows\SYSTEM32\CRYPTSP.dll
0x00007ffeca340000 - 0x00007ffeca373000 	C:\Windows\system32\rsaenh.dll
0x00007ffecb140000 - 0x00007ffecb169000 	C:\Windows\SYSTEM32\USERENV.dll
0x00007ffeca960000 - 0x00007ffeca96b000 	C:\Windows\SYSTEM32\CRYPTBASE.dll
0x00007ffec4830000 - 0x00007ffec4846000 	C:\Windows\SYSTEM32\dhcpcsvc6.DLL
0x00007ffec4da0000 - 0x00007ffec4dba000 	C:\Windows\SYSTEM32\dhcpcsvc.DLL

dbghelp: loaded successfully - version: 4.0.5 - missing functions: none
symbol engine: initialized successfully - sym options: 0x614 - pdb path: .;C:\Users\Chris Maria\Downloads\sts-4.8.0.RELEASE\plugins\org.eclipse.justj.openjdk.hotspot.jre.full.win32.x86_64_14.0.2.v20200815-0932\jre\bin;C:\Windows\SYSTEM32;C:\Windows\WinSxS\amd64_microsoft.windows.common-controls_6595b64144ccf1df_6.0.16299.2107_none_0f8874285a6cbc77;C:\Users\Chris Maria\Downloads\sts-4.8.0.RELEASE\plugins\org.eclipse.justj.openjdk.hotspot.jre.full.win32.x86_64_14.0.2.v20200815-0932\jre\bin\server

VM Arguments:
jvm_args: -Dcom.sun.management.jmxremote -Dcom.sun.management.jmxremote.port=6536 -Dcom.sun.management.jmxremote.authenticate=false -Dcom.sun.management.jmxremote.ssl=false -Djava.rmi.server.hostname=localhost -Dspring.jmx.enabled=true -Dspring.application.admin.enabled=true -Xverify:none -XX:TieredStopAtLevel=1 -Dspring.boot.project.name=EurekaServerModule -Dfile.encoding=UTF-8 -XX:+ShowCodeDetailsInExceptionMessages 
java_command: com.example.microservice.MicroserviceDemoApplication --spring.output.ansi.enabled=always
java_class_path (initial): C:\Dependencies\demo-erekaserver\target\classes;C:\Users\Chris Maria\.m2\repository\org\springframework\boot\spring-boot-starter-actuator\2.3.4.RELEASE\spring-boot-starter-actuator-2.3.4.RELEASE.jar;C:\Users\Chris Maria\.m2\repository\org\springframework\boot\spring-boot-starter\2.3.4.RELEASE\spring-boot-starter-2.3.4.RELEASE.jar;C:\Users\Chris Maria\.m2\repository\org\springframework\boot\spring-boot-starter-logging\2.3.4.RELEASE\spring-boot-starter-logging-2.3.4.RELEASE.jar;C:\Users\Chris Maria\.m2\repository\ch\qos\logback\logback-classic\1.2.3\logback-classic-1.2.3.jar;C:\Users\Chris Maria\.m2\repository\ch\qos\logback\logback-core\1.2.3\logback-core-1.2.3.jar;C:\Users\Chris Maria\.m2\repository\org\apache\logging\log4j\log4j-to-slf4j\2.13.3\log4j-to-slf4j-2.13.3.jar;C:\Users\Chris Maria\.m2\repository\org\apache\logging\log4j\log4j-api\2.13.3\log4j-api-2.13.3.jar;C:\Users\Chris Maria\.m2\repository\org\slf4j\jul-to-slf4j\1.7.30\jul-to-slf4j-1.7.30.jar;C:\Users\Chris Maria\.m2\repository\jakarta\annotation\jakarta.annotation-api\1.3.5\jakarta.annotation-api-1.3.5.jar;C:\Users\Chris Maria\.m2\repository\org\yaml\snakeyaml\1.26\snakeyaml-1.26.jar;C:\Users\Chris Maria\.m2\repository\org\springframework\boot\spring-boot-actuator-autoconfigure\2.3.4.RELEASE\spring-boot-actuator-autoconfigure-2.3.4.RELEASE.jar;C:\Users\Chris Maria\.m2\repository\org\springframework\boot\spring-boot-actuator\2.3.4.RELEASE\spring-boot-actuator-2.3.4.RELEASE.jar;C:\Users\Chris Maria\.m2\repository\com\fasterxml\jackson\datatype\jackson-datatype-jsr310\2.11.2\jackson-datatype-jsr310-2.11.2.jar;C:\Users\Chris Maria\.m2\repository\io\micrometer\micrometer-core\1.5.5\micrometer-core-1.5.5.jar;C:\Users\Chris Maria\.m2\repository\org\hdrhistogram\HdrHistogram\2.1.12\HdrHistogram-2.1.12.jar;C:\Users\Chris Maria\.m2\repository\org\latencyutils\LatencyUtils\2.0.3\LatencyUtils-2.0.3.jar;C:\Users\Chris Maria\.m2\repository\org\springframework\boot\spring-boot-starter-we
Launcher Type: SUN_STANDARD

[Global flags]
     intx CICompilerCount                          = 3                                         {product} {ergonomic}
     uint ConcGCThreads                            = 1                                         {product} {ergonomic}
     uint G1ConcRefinementThreads                  = 4                                         {product} {ergonomic}
   size_t G1HeapRegionSize                         = 1048576                                   {product} {ergonomic}
    uintx GCDrainStackTargetSize                   = 64                                        {product} {ergonomic}
   size_t InitialHeapSize                          = 96468992                                  {product} {ergonomic}
     bool ManagementServer                         = true                                      {product} {command line}
   size_t MarkStackSize                            = 4194304                                   {product} {ergonomic}
   size_t MaxHeapSize                              = 1524629504                                {product} {ergonomic}
   size_t MaxNewSize                               = 914358272                                 {product} {ergonomic}
   size_t MinHeapDeltaBytes                        = 1048576                                   {product} {ergonomic}
   size_t MinHeapSize                              = 8388608                                   {product} {ergonomic}
    uintx NonNMethodCodeHeapSize                   = 6973028                                {pd product} {ergonomic}
    uintx NonProfiledCodeHeapSize                  = 244685212                              {pd product} {ergonomic}
    uintx ProfiledCodeHeapSize                     = 0                                      {pd product} {ergonomic}
    uintx ReservedCodeCacheSize                    = 251658240                              {pd product} {ergonomic}
     bool SegmentedCodeCache                       = true                                      {product} {ergonomic}
     bool ShowCodeDetailsInExceptionMessages       = true                                   {manageable} {command line}
   size_t SoftMaxHeapSize                          = 1524629504                             {manageable} {ergonomic}
     intx TieredStopAtLevel                        = 1                                         {product} {command line}
     bool UseCompressedClassPointers               = true                                 {lp64_product} {ergonomic}
     bool UseCompressedOops                        = true                                 {lp64_product} {ergonomic}
     bool UseG1GC                                  = true                                      {product} {ergonomic}
     bool UseLargePagesIndividualAllocation        = false                                  {pd product} {ergonomic}

Logging:
Log output configuration:
 #0: stdout all=warning uptime,level,tags
 #1: stderr all=off uptime,level,tags

Environment Variables:
JAVA_HOME=C:\Program Files\Java\jdk1.8.0_261
PATH=C:/Users/Chris Maria/Downloads/sts-4.8.0.RELEASE//plugins/org.eclipse.justj.openjdk.hotspot.jre.full.win32.x86_64_14.0.2.v20200815-0932/jre/bin/server;C:/Users/Chris Maria/Downloads/sts-4.8.0.RELEASE//plugins/org.eclipse.justj.openjdk.hotspot.jre.full.win32.x86_64_14.0.2.v20200815-0932/jre/bin;C:\ProgramData\Oracle\Java\javapath;C:\Program Files (x86)\Common Files\Oracle\Java\javapath;C:\Windows\system32;C:\Windows;C:\Windows\System32\Wbem;C:\Windows\System32\WindowsPowerShell\v1.0\;C:\Program Files\Microsoft SQL Server\120\DTS\Binn\;C:\Program Files\Microsoft SQL Server\Client SDK\ODBC\110\Tools\Binn\;C:\Program Files (x86)\Microsoft SQL Server\120\Tools\Binn\;C:\Program Files\Microsoft SQL Server\120\Tools\Binn\;C:\Program Files (x86)\Microsoft SQL Server\120\Tools\Binn\ManagementStudio\;C:\Program Files (x86)\Microsoft SQL Server\120\DTS\Binn\;C:\Windows\system32\config\systemprofile\.dnx\bin;C:\Program Files\Microsoft DNX\Dnvm\;C:\Program Files (x86)\Java\jre1.8.0_151\lib\ext\mysql-connector-java-5.1.25-bin;C:\Program Files\Git\cmd;C:\Program Files\Java\jdk1.8.0_261\bin;C:\Program Files\apache maven\apache-maven-3.6.3\bin;C:\Program Files\nodejs\;C:\Program Files\PostgreSQL\12\bin;C:\Program Files\apache-ant\apache-ant-1.8.2\bin;C:\Program Files\MySQL\MySQL Server 8.0\bin;C:\Users\Chris Maria\.dnx\bin;C:\Users\Chris Maria\AppData\Local\Microsoft\WindowsApps;C:\Program Files (x86)\Java\jdk1.8.0_151\bin;C:\Program Files (x86)\Java\jre1.8.0_151\lib\ext\mysql-connector-java-5.1.25-bin;C:\Users\Chris Maria\AppData\Roaming\npm;C:\Program Files (x86)\pgAdmin III;C:\Users\Chris Maria\Downloads\sts-4.8.0.RELEASE;
USERNAME=Chris Maria
OS=Windows_NT
PROCESSOR_IDENTIFIER=Intel64 Family 6 Model 37 Stepping 2, GenuineIntel



---------------  S Y S T E M  ---------------

OS: Windows 10 , 64 bit Build 16299 (10.0.16299.1806)
OS uptime: 1 days 8:56 hours

CPU:total 4 (initial active 4) (2 cores per cpu, 2 threads per core) family 6 model 37 stepping 2, cmov, cx8, fxsr, mmx, sse, sse2, sse3, ssse3, sse4.1, sse4.2, popcnt, ht, tsc, tscinvbit

Memory: 4k page, system-wide physical 5812M (775M free)
TotalPageFile size 9646M (AvailPageFile size 1096M)
current process WorkingSet (physical memory assigned to process): 115M, peak: 129M
current process commit charge ("private bytes"): 145M, peak: 186M

vm_info: OpenJDK 64-Bit Server VM (14.0.2+12-46) for windows-amd64 JRE (14.0.2+12-46), built on Jul  9 2020 00:31:16 by "mach5one" with MS VC++ 15.9 (VS2017)

END.
