#
# A fatal error has been detected by the Java Runtime Environment:
#
#  EXCEPTION_ACCESS_VIOLATION (0xc0000005) at pc=0x0000015366a8de1b, pid=13220, tid=13056
#
# JRE version: OpenJDK Runtime Environment (14.0.2+12) (build 14.0.2+12-46)
# Java VM: OpenJDK 64-Bit Server VM (14.0.2+12-46, mixed mode, tiered, compressed oops, g1 gc, windows-amd64)
# Problematic frame:
# j  org.springframework.boot.context.properties.bind.BindConverter$TypeConverterConverter.matches(Lorg/springframework/core/convert/TypeDescriptor;Lorg/springframework/core/convert/TypeDescriptor;)Z+-398680917
#
# No core dump will be written. Minidumps are not enabled by default on client versions of Windows
#
# If you would like to submit a bug report, please visit:
#   https://bugreport.java.com/bugreport/crash.jsp
#

---------------  S U M M A R Y ------------

Command Line: -Dcom.sun.management.jmxremote -Dcom.sun.management.jmxremote.port=7869 -Dcom.sun.management.jmxremote.authenticate=false -Dcom.sun.management.jmxremote.ssl=false -Djava.rmi.server.hostname=localhost -Dspring.jmx.enabled=true -Dspring.application.admin.enabled=true -Xverify:none -XX:TieredStopAtLevel=1 -Dspring.boot.project.name=SpringConfigServerModule -Dfile.encoding=UTF-8 -XX:+ShowCodeDetailsInExceptionMessages com.example.microservice.MicroserviceDemoApplication --spring.output.ansi.enabled=always

Host: Intel(R) Core(TM) i3 CPU       M 330  @ 2.13GHz, 4 cores, 5G,  Windows 10 , 64 bit Build 16299 (10.0.16299.1806)
Time: Wed Oct 21 20:49:17 2020 India Standard Time elapsed time: 8 seconds (0d 0h 0m 8s)

---------------  T H R E A D  ---------------

Current thread (0x000001537d563000):  JavaThread "restartedMain" [_thread_in_Java, id=13056, stack(0x000000404d900000,0x000000404da00000)]

Stack: [0x000000404d900000,0x000000404da00000],  sp=0x000000404d9fd3e8,  free space=1012k
Native frames: (J=compiled Java code, j=interpreted, Vv=VM code, C=native code)
C  0x0000015366a8de1b


siginfo: EXCEPTION_ACCESS_VIOLATION (0xc0000005), reading address 0x000001537de255c8


Register to memory mapping:

RIP=0x0000015366a8de1b is at code_begin+123 in an Interpreter codelet
method entry point (kind = zerolocals)  [0x0000015366a8dda0, 0x0000015366a8e280]  1248 bytes
RAX=0x0000015366a89955 is at code_begin+277 in an Interpreter codelet
invoke return entry points  [0x0000015366a89840, 0x0000015366a8a220]  2528 bytes
RBX={method} {0x000001537e6c41c0} 'matches' '(Lorg/springframework/core/convert/TypeDescriptor;Lorg/springframework/core/convert/TypeDescriptor;)Z' in 'org/springframework/boot/context/properties/bind/BindConverter$TypeConverterConverter'
RCX=0x0000000000000003 is an unknown value
RDX=0x000001537de255c8 is an unknown value
RSP=0x000000404d9fd3e8 is pointing into the stack for thread: 0x000001537d563000
RBP=0x000000404d9fd400 is pointing into the stack for thread: 0x000001537d563000
RSI=0x0000000000000001 is an unknown value
RDI=0x0000000000000006 is an unknown value
R8 =0x0000000000000a9a is an unknown value
R9 =0x0000000000000006 is an unknown value
R10=0x00007ffe927fd1a0 jvm.dll
R11=0x00000153673a4840 is at entry_point+32 in (nmethod*)0x00000153673a4690
R12=0x0 is NULL
R13=0x000001537e6c4170 is pointing into metadata
R14=0x000000404d9fd420 is pointing into the stack for thread: 0x000001537d563000
R15=0x000001537d563000 is a thread


Registers:
RAX=0x0000015366a89955, RBX=0x000001537e6c41b8, RCX=0x0000000000000003, RDX=0x000001537de255c8
RSP=0x000000404d9fd3e8, RBP=0x000000404d9fd400, RSI=0x0000000000000001, RDI=0x0000000000000006
R8 =0x0000000000000a9a, R9 =0x0000000000000006, R10=0x00007ffe927fd1a0, R11=0x00000153673a4840
R12=0x0000000000000000, R13=0x000001537e6c4170, R14=0x000000404d9fd420, R15=0x000001537d563000
RIP=0x0000015366a8de1b, EFLAGS=0x0000000000010246

Top of Stack: (sp=0x000000404d9fd3e8)
0x000000404d9fd3e8:   000001537e6c41b8 0000000000000000
0x000000404d9fd3f8:   000000404d9fd410 000000404d9fd470
0x000000404d9fd408:   0000015366a89955 00000000a9a619e8
0x000000404d9fd418:   00000000aa64adb8 00000000a9f19dd0
0x000000404d9fd428:   000000404d9fd428 000001537e55e4bb
0x000000404d9fd438:   000000404d9fd4a0 000001537e55e7a8
0x000000404d9fd448:   0000000000000000 00000000aa8fe0c8
0x000000404d9fd458:   000001537e55e510 000000404d9fd410
0x000000404d9fd468:   000000404d9fd490 000000404d9fd4f0
0x000000404d9fd478:   0000015366a89ec0 00000000a9f19dd0
0x000000404d9fd488:   00000000a9a62188 00000000a9a619e8
0x000000404d9fd498:   00000000aa64adb8 00000000a9f43458
0x000000404d9fd4a8:   000000404d9fd4a8 000001537e559460
0x000000404d9fd4b8:   000000404d9fd530 000001537e559d68
0x000000404d9fd4c8:   0000000000000000 00000000aa8b3ca0
0x000000404d9fd4d8:   000001537e559518 000000404d9fd490 

Instructions: (pc=0x0000015366a8de1b)
0x0000015366a8dd1b:   d2 48 83 c4 20 49 ba 00 00 00 00 00 00 00 00 4d
0x0000015366a8dd2b:   89 97 f0 02 00 00 49 ba 00 00 00 00 00 00 00 00
0x0000015366a8dd3b:   4d 89 97 00 03 00 00 49 ba 00 00 00 00 00 00 00
0x0000015366a8dd4b:   00 4d 89 97 f8 02 00 00 49 81 7f 08 00 00 00 00
0x0000015366a8dd5b:   0f 84 05 00 00 00 e9 1a 31 ff ff 4c 8b 6d c0 4c
0x0000015366a8dd6b:   8b 75 c8 c3 90 00 00 00 00 00 00 00 00 00 00 00
0x0000015366a8dd7b:   00 00 00 00 00 00 05 00 00 00 00 00 00 e0 99 63
0x0000015366a8dd8b:   92 fe 7f 00 00 ff ff ff ff 00 00 00 00 00 00 00
0x0000015366a8dd9b:   00 00 00 00 00 48 8b 53 08 0f b7 4a 34 0f b7 52
0x0000015366a8ddab:   32 2b d1 81 fa f5 01 00 00 0f 86 25 00 00 00 48
0x0000015366a8ddbb:   8b c2 48 c1 e0 03 48 83 c0 58 49 03 87 d8 03 00
0x0000015366a8ddcb:   00 48 3b e0 0f 87 0a 00 00 00 58 49 8b e5 50 e9
0x0000015366a8dddb:   a1 2d ff ff 58 4c 8d 74 cc f8 85 d2 0f 8e 09 00
0x0000015366a8ddeb:   00 00 68 00 00 00 00 ff ca 7f f7 50 55 48 8b ec
0x0000015366a8ddfb:   41 55 68 00 00 00 00 4c 8b 6b 08 4d 8d 6d 38 53
0x0000015366a8de0b:   48 8b 53 08 48 8b 52 08 48 8b 52 18 48 8b 52 70
0x0000015366a8de1b:   48 8b 12 52 48 8b 53 10 48 85 d2 0f 84 07 00 00
0x0000015366a8de2b:   00 48 81 c2 40 01 00 00 52 48 8b 53 08 48 8b 52
0x0000015366a8de3b:   08 48 8b 52 10 52 41 56 41 55 68 00 00 00 00 48
0x0000015366a8de4b:   89 24 24 41 c6 87 a5 03 00 00 01 48 8b 45 d8 48
0x0000015366a8de5b:   85 c0 0f 84 8a 00 00 00 8b 48 fc 85 c9 0f 88 7f
0x0000015366a8de6b:   00 00 00 48 03 c1 48 8b 48 08 48 83 e9 02 48 8b
0x0000015366a8de7b:   54 c8 10 48 f7 da 49 8b 14 d6 48 85 d2 75 0b 48
0x0000015366a8de8b:   81 4c c8 18 01 00 00 00 eb 52 8b 52 08 48 c1 e2
0x0000015366a8de9b:   03 48 33 54 c8 18 48 f7 c2 fc ff ff ff 74 3d 48
0x0000015366a8deab:   f7 c2 02 00 00 00 75 34 48 81 7c c8 18 00 00 00
0x0000015366a8debb:   00 74 24 48 81 7c c8 18 01 00 00 00 74 19 48 33
0x0000015366a8decb:   54 c8 18 48 f7 c2 fc ff ff ff 74 10 48 81 4c c8
0x0000015366a8dedb:   18 02 00 00 00 eb 05 48 89 54 c8 18 48 83 e9 02
0x0000015366a8deeb:   79 8c 48 8b 43 10 48 85 c0 74 20 8b 88 04 01 00
0x0000015366a8defb:   00 83 c1 08 89 88 04 01 00 00 23 88 18 01 00 00
0x0000015366a8df0b:   0f 84 a3 02 00 00 e9 dd 00 00 00 48 8b 43 18 48 


Stack slot to memory mapping:
stack at sp + 0 slots: {method} {0x000001537e6c41c0} 'matches' '(Lorg/springframework/core/convert/TypeDescriptor;Lorg/springframework/core/convert/TypeDescriptor;)Z' in 'org/springframework/boot/context/properties/bind/BindConverter$TypeConverterConverter'
stack at sp + 1 slots: 0x0 is NULL
stack at sp + 2 slots: 0x000000404d9fd410 is pointing into the stack for thread: 0x000001537d563000
stack at sp + 3 slots: 0x000000404d9fd470 is pointing into the stack for thread: 0x000001537d563000
stack at sp + 4 slots: 0x0000015366a89955 is at code_begin+277 in an Interpreter codelet
invoke return entry points  [0x0000015366a89840, 0x0000015366a8a220]  2528 bytes
stack at sp + 5 slots: 0x00000000a9a619e8 is an oop: org.springframework.boot.context.properties.bind.BindConverter$ResolvableTypeDescriptor 
{0x00000000a9a619e8} - klass: 'org/springframework/boot/context/properties/bind/BindConverter$ResolvableTypeDescriptor'
stack at sp + 6 slots: 0x00000000aa64adb8 is an oop: org.springframework.core.convert.TypeDescriptor 
{0x00000000aa64adb8} - klass: 'org/springframework/core/convert/TypeDescriptor'
stack at sp + 7 slots: 0x00000000a9f19dd0 is an oop: org.springframework.boot.context.properties.bind.BindConverter$TypeConverterConverter 
{0x00000000a9f19dd0} - klass: 'org/springframework/boot/context/properties/bind/BindConverter$TypeConverterConverter'

method entry point (kind = zerolocals)  [0x0000015366a8dda0, 0x0000015366a8e280]  1248 bytes
[MachCode]
  0x0000015366a8dda0: 488b 5308 | 0fb7 4a34 | 0fb7 5232 | 2bd1 81fa | f501 0000 | 0f86 2500 | 0000 488b | c248 c1e0 
  0x0000015366a8ddc0: 0348 83c0 | 5849 0387 | d803 0000 | 483b e00f | 870a 0000 | 0058 498b | e550 e9a1 | 2dff ff58 
  0x0000015366a8dde0: 4c8d 74cc | f885 d20f | 8e09 0000 | 0068 0000 | 0000 ffca | 7ff7 5055 | 488b ec41 | 5568 0000 
  0x0000015366a8de00: 0000 4c8b | 6b08 4d8d | 6d38 5348 | 8b53 0848 | 8b52 0848 | 8b52 1848 | 8b52 7048 | 8b12 5248 
  0x0000015366a8de20: 8b53 1048 | 85d2 0f84 | 0700 0000 | 4881 c240 | 0100 0052 | 488b 5308 | 488b 5208 | 488b 5210 
  0x0000015366a8de40: 5241 5641 | 5568 0000 | 0000 4889 | 2424 41c6 | 87a5 0300 | 0001 488b | 45d8 4885 | c00f 848a 
  0x0000015366a8de60: 0000 008b | 48fc 85c9 | 0f88 7f00 | 0000 4803 | c148 8b48 | 0848 83e9 | 0248 8b54 | c810 48f7 
  0x0000015366a8de80: da49 8b14 | d648 85d2 | 750b 4881 | 4cc8 1801 | 0000 00eb | 528b 5208 | 48c1 e203 | 4833 54c8 
  0x0000015366a8dea0: 1848 f7c2 | fcff ffff | 743d 48f7 | c202 0000 | 0075 3448 | 817c c818 | 0000 0000 | 7424 4881 
  0x0000015366a8dec0: 7cc8 1801 | 0000 0074 | 1948 3354 | c818 48f7 | c2fc ffff | ff74 1048 | 814c c818 | 0200 0000 
  0x0000015366a8dee0: eb05 4889 | 54c8 1848 | 83e9 0279 | 8c48 8b43 | 1048 85c0 | 7420 8b88 | 0401 0000 | 83c1 0889 
  0x0000015366a8df00: 8804 0100 | 0023 8818 | 0100 000f | 84a3 0200 | 00e9 dd00 | 0000 488b | 4318 4885 | c00f 85be 
  0x0000015366a8df20: 0000 00e8 | 0500 0000 | e9a7 0000 | 0048 8bd3 | 488d 4424 | 084c 896d | c049 8bcf | 4989 af00 
  0x0000015366a8df40: 0300 0049 | 8987 f002 | 0000 4883 | ec20 f7c4 | 0f00 0000 | 0f84 1a00 | 0000 4883 | ec08 49ba 
  0x0000015366a8df60: 906b 0c92 | fe7f 0000 | 41ff d248 | 83c4 08e9 | 0d00 0000 | 49ba 906b | 0c92 fe7f | 0000 41ff 
  0x0000015366a8df80: d248 83c4 | 2049 ba00 | 0000 0000 | 0000 004d | 8997 f002 | 0000 49ba | 0000 0000 | 0000 0000 
  0x0000015366a8dfa0: 4d89 9700 | 0300 0049 | ba00 0000 | 0000 0000 | 004d 8997 | f802 0000 | 4981 7f08 | 0000 0000 
  0x0000015366a8dfc0: 0f84 0500 | 0000 e9b5 | 2eff ff4c | 8b6d c04c | 8b75 c8c3 | 488b 4318 | 4885 c00f | 8412 0000 
  0x0000015366a8dfe0: 008b 4818 | 83c1 0889 | 4818 2348 | 300f 84c1 | 0100 0089 | 8424 00f0 | ffff 8984 | 2400 e0ff 
  0x0000015366a8e000: ff89 8424 | 00d0 ffff | 8984 2400 | c0ff ff89 | 8424 00b0 | ffff 8984 | 2400 a0ff | ff89 8424 
  0x0000015366a8e020: 0090 ffff | 41c6 87a5 | 0300 0000 | 49ba 2702 | 7d92 fe7f | 0000 4180 | 3a00 0f84 | 4200 0000 
  0x0000015366a8e040: 488b 55e8 | 498b cf48 | 83ec 20f7 | c40f 0000 | 000f 841a | 0000 0048 | 83ec 0849 | ba60 e13e 
  0x0000015366a8e060: 92fe 7f00 | 0041 ffd2 | 4883 c408 | e90d 0000 | 0049 ba60 | e13e 92fe | 7f00 0041 | ffd2 4883 
  0x0000015366a8e080: c420 410f | b65d 0049 | ba40 1a80 | 92fe 7f00 | 0041 ff24 | dae8 0500 | 0000 e9a4 | 0000 0048 
  0x0000015366a8e0a0: 8d44 2408 | 4c89 6dc0 | 498b cf49 | 89af 0003 | 0000 4989 | 87f0 0200 | 0048 83ec | 20f7 c40f 
  0x0000015366a8e0c0: 0000 000f | 841a 0000 | 0048 83ec | 0849 ba00 | 9d0c 92fe | 7f00 0041 | ffd2 4883 | c408 e90d 
  0x0000015366a8e0e0: 0000 0049 | ba00 9d0c | 92fe 7f00 | 0041 ffd2 | 4883 c420 | 49ba 0000 | 0000 0000 | 0000 4d89 
  0x0000015366a8e100: 97f0 0200 | 0049 ba00 | 0000 0000 | 0000 004d | 8997 0003 | 0000 49ba | 0000 0000 | 0000 0000 
  0x0000015366a8e120: 4d89 97f8 | 0200 0049 | 817f 0800 | 0000 000f | 8405 0000 | 00e9 462d | ffff 4c8b | 6dc0 4c8b 
  0x0000015366a8e140: 75c8 c350 | 5348 8b5d | e848 8b43 | 1048 85c0 | 0f84 4f00 | 0000 498b | d548 8bcb | 4883 ec20 
  0x0000015366a8e160: f7c4 0f00 | 0000 0f84 | 1a00 0000 | 4883 ec08 | 49ba 506b | 0c92 fe7f | 0000 41ff | d248 83c4 
  0x0000015366a8e180: 08e9 0d00 | 0000 49ba | 506b 0c92 | fe7f 0000 | 41ff d248 | 83c4 2048 | 8b5b 1048 | 81c3 4001 
  0x0000015366a8e1a0: 0000 4803 | c348 8945 | d85b 5848 | 8b5d e8e9 | 3ffe ffff | ba00 0000 | 00e8 0500 | 0000 e9a4 
  0x0000015366a8e1c0: 0000 0048 | 8d44 2408 | 4c89 6dc0 | 498b cf49 | 89af 0003 | 0000 4989 | 87f0 0200 | 0048 83ec 
  0x0000015366a8e1e0: 20f7 c40f | 0000 000f | 841a 0000 | 0048 83ec | 0849 ba30 | 790c 92fe | 7f00 0041 | ffd2 4883 
  0x0000015366a8e200: c408 e90d | 0000 0049 | ba30 790c | 92fe 7f00 | 0041 ffd2 | 4883 c420 | 49ba 0000 | 0000 0000 
  0x0000015366a8e220: 0000 4d89 | 97f0 0200 | 0049 ba00 | 0000 0000 | 0000 004d | 8997 0003 | 0000 49ba | 0000 0000 
  0x0000015366a8e240: 0000 0000 | 4d89 97f8 | 0200 0049 | 817f 0800 | 0000 000f | 8405 0000 | 00e9 222c | ffff 4c8b 
  0x0000015366a8e260: 6dc0 4c8b | 75c8 c348 | 8b5d e8e9 | 83fd ffff | 0000 0000 | 0000 0000 | 0000 0000 | 0000 0000 
[/MachCode]

---------------  P R O C E S S  ---------------

Threads class SMR info:
_java_thread_list=0x000001537d647030, length=19, elements={
0x0000015362dc9800, 0x000001537bde0800, 0x000001537bdec800, 0x000001537b5d1800,
0x000001537b5d3800, 0x000001537bdf3000, 0x000001537bdf4000, 0x000001537be21000,
0x000001537b541800, 0x000001537bfc2800, 0x000001537c58e800, 0x000001537c58c800,
0x000001537c5c9000, 0x000001537c60d800, 0x000001537c60e000, 0x000001537c647800,
0x000001537c64d000, 0x000001537c9fc800, 0x000001537d563000
}

Java Threads: ( => current thread )
  0x0000015362dc9800 JavaThread "main" [_thread_blocked, id=9776, stack(0x000000404bb00000,0x000000404bc00000)]
  0x000001537bde0800 JavaThread "Reference Handler" daemon [_thread_blocked, id=6624, stack(0x000000404c200000,0x000000404c300000)]
  0x000001537bdec800 JavaThread "Finalizer" daemon [_thread_blocked, id=15400, stack(0x000000404c300000,0x000000404c400000)]
  0x000001537b5d1800 JavaThread "Signal Dispatcher" daemon [_thread_blocked, id=13404, stack(0x000000404c400000,0x000000404c500000)]
  0x000001537b5d3800 JavaThread "Attach Listener" daemon [_thread_blocked, id=17388, stack(0x000000404c500000,0x000000404c600000)]
  0x000001537bdf3000 JavaThread "Service Thread" daemon [_thread_blocked, id=15896, stack(0x000000404c600000,0x000000404c700000)]
  0x000001537bdf4000 JavaThread "C1 CompilerThread0" daemon [_thread_blocked, id=10888, stack(0x000000404c700000,0x000000404c800000)]
  0x000001537be21000 JavaThread "Sweeper thread" daemon [_thread_blocked, id=8296, stack(0x000000404c800000,0x000000404c900000)]
  0x000001537b541800 JavaThread "Common-Cleaner" daemon [_thread_blocked, id=2148, stack(0x000000404c900000,0x000000404ca00000)]
  0x000001537bfc2800 JavaThread "Notification Thread" daemon [_thread_blocked, id=14928, stack(0x000000404ca00000,0x000000404cb00000)]
  0x000001537c58e800 JavaThread "RMI TCP Accept-0" daemon [_thread_in_native, id=11228, stack(0x000000404cd00000,0x000000404ce00000)]
  0x000001537c58c800 JavaThread "RMI TCP Accept-7869" daemon [_thread_in_native, id=10596, stack(0x000000404ce00000,0x000000404cf00000)]
  0x000001537c5c9000 JavaThread "RMI TCP Connection(1)-127.0.0.1" daemon [_thread_in_native, id=14240, stack(0x000000404cf00000,0x000000404d000000)]
  0x000001537c60d800 JavaThread "RMI Scheduler(0)" daemon [_thread_blocked, id=8828, stack(0x000000404d000000,0x000000404d100000)]
  0x000001537c60e000 JavaThread "RMI TCP Connection(2)-127.0.0.1" daemon [_thread_in_native, id=10332, stack(0x000000404d100000,0x000000404d200000)]
  0x000001537c647800 JavaThread "RMI TCP Accept-0" daemon [_thread_in_native, id=15392, stack(0x000000404d200000,0x000000404d300000)]
  0x000001537c64d000 JavaThread "JMX server connection timeout 19" daemon [_thread_blocked, id=6864, stack(0x000000404d400000,0x000000404d500000)]
  0x000001537c9fc800 JavaThread "Thread-0" [_thread_blocked, id=6788, stack(0x000000404d800000,0x000000404d900000)]
=>0x000001537d563000 JavaThread "restartedMain" [_thread_in_Java, id=13056, stack(0x000000404d900000,0x000000404da00000)]

Other Threads:
  0x000001537b5a5000 VMThread "VM Thread" [stack: 0x000000404c100000,0x000000404c200000] [id=10632]
  0x000001537c627000 WatcherThread [stack: 0x000000404d300000,0x000000404d400000] [id=14224]
  0x0000015362e04000 GCTaskThread "GC Thread#0" [stack: 0x000000404bc00000,0x000000404bd00000] [id=10444]
  0x000001537c575800 GCTaskThread "GC Thread#1" [stack: 0x000000404cc00000,0x000000404cd00000] [id=2244]
  0x0000015362e11000 ConcurrentGCThread "G1 Main Marker" [stack: 0x000000404bd00000,0x000000404be00000] [id=4556]
  0x0000015362e14000 ConcurrentGCThread "G1 Conc#0" [stack: 0x000000404be00000,0x000000404bf00000] [id=14212]
  0x0000015362e71000 ConcurrentGCThread "G1 Refine#0" [stack: 0x000000404bf00000,0x000000404c000000] [id=1392]
  0x0000015362e72800 ConcurrentGCThread "G1 Young RemSet Sampling" [stack: 0x000000404c000000,0x000000404c100000] [id=10920]

Threads with active compile tasks:

VM state:not at safepoint (normal execution)

VM Mutex/Monitor currently owned by a thread: None

Heap address: 0x00000000a5200000, size: 1454 MB, Compressed Oops mode: 32-bit
Narrow klass base: 0x0000000000000000, Narrow klass shift: 3
Compressed class space size: 1073741824 Address: 0x0000000100000000

Heap:
 garbage-first heap   total 94208K, used 26332K [0x00000000a5200000, 0x0000000100000000)
  region size 1024K, 21 young (21504K), 1 survivors (1024K)
 Metaspace       used 18240K, capacity 18774K, committed 18944K, reserved 1067008K
  class space    used 2021K, capacity 2219K, committed 2304K, reserved 1048576K
Heap Regions: E=young(eden), S=young(survivor), O=old, HS=humongous(starts), HC=humongous(continues), CS=collection set, F=free, OA=open archive, CA=closed archive, TAMS=top-at-mark-start (previous, next)
|   0|0x00000000a5200000, 0x00000000a5300000, 0x00000000a5300000|100%| O|  |TAMS 0x00000000a5200000, 0x00000000a5200000| Untracked 
|   1|0x00000000a5300000, 0x00000000a5400000, 0x00000000a5400000|100%| O|  |TAMS 0x00000000a5300000, 0x00000000a5300000| Untracked 
|   2|0x00000000a5400000, 0x00000000a5500000, 0x00000000a5500000|100%| O|  |TAMS 0x00000000a5400000, 0x00000000a5400000| Untracked 
|   3|0x00000000a5500000, 0x00000000a5600000, 0x00000000a5600000|100%| O|  |TAMS 0x00000000a5500000, 0x00000000a5500000| Untracked 
|   4|0x00000000a5600000, 0x00000000a5700000, 0x00000000a5700000|100%| O|  |TAMS 0x00000000a5600000, 0x00000000a5600000| Untracked 
|   5|0x00000000a5700000, 0x00000000a57e8800, 0x00000000a5800000| 90%| O|  |TAMS 0x00000000a5700000, 0x00000000a5700000| Untracked 
|   6|0x00000000a5800000, 0x00000000a5800000, 0x00000000a5900000|  0%| F|  |TAMS 0x00000000a5800000, 0x00000000a5800000| Untracked 
|   7|0x00000000a5900000, 0x00000000a5900000, 0x00000000a5a00000|  0%| F|  |TAMS 0x00000000a5900000, 0x00000000a5900000| Untracked 
|   8|0x00000000a5a00000, 0x00000000a5a00000, 0x00000000a5b00000|  0%| F|  |TAMS 0x00000000a5a00000, 0x00000000a5a00000| Untracked 
|   9|0x00000000a5b00000, 0x00000000a5b00000, 0x00000000a5c00000|  0%| F|  |TAMS 0x00000000a5b00000, 0x00000000a5b00000| Untracked 
|  10|0x00000000a5c00000, 0x00000000a5c00000, 0x00000000a5d00000|  0%| F|  |TAMS 0x00000000a5c00000, 0x00000000a5c00000| Untracked 
|  11|0x00000000a5d00000, 0x00000000a5d00000, 0x00000000a5e00000|  0%| F|  |TAMS 0x00000000a5d00000, 0x00000000a5d00000| Untracked 
|  12|0x00000000a5e00000, 0x00000000a5e00000, 0x00000000a5f00000|  0%| F|  |TAMS 0x00000000a5e00000, 0x00000000a5e00000| Untracked 
|  13|0x00000000a5f00000, 0x00000000a5f00000, 0x00000000a6000000|  0%| F|  |TAMS 0x00000000a5f00000, 0x00000000a5f00000| Untracked 
|  14|0x00000000a6000000, 0x00000000a6000000, 0x00000000a6100000|  0%| F|  |TAMS 0x00000000a6000000, 0x00000000a6000000| Untracked 
|  15|0x00000000a6100000, 0x00000000a6100000, 0x00000000a6200000|  0%| F|  |TAMS 0x00000000a6100000, 0x00000000a6100000| Untracked 
|  16|0x00000000a6200000, 0x00000000a6200000, 0x00000000a6300000|  0%| F|  |TAMS 0x00000000a6200000, 0x00000000a6200000| Untracked 
|  17|0x00000000a6300000, 0x00000000a6300000, 0x00000000a6400000|  0%| F|  |TAMS 0x00000000a6300000, 0x00000000a6300000| Untracked 
|  18|0x00000000a6400000, 0x00000000a6400000, 0x00000000a6500000|  0%| F|  |TAMS 0x00000000a6400000, 0x00000000a6400000| Untracked 
|  19|0x00000000a6500000, 0x00000000a6500000, 0x00000000a6600000|  0%| F|  |TAMS 0x00000000a6500000, 0x00000000a6500000| Untracked 
|  20|0x00000000a6600000, 0x00000000a6600000, 0x00000000a6700000|  0%| F|  |TAMS 0x00000000a6600000, 0x00000000a6600000| Untracked 
|  21|0x00000000a6700000, 0x00000000a6700000, 0x00000000a6800000|  0%| F|  |TAMS 0x00000000a6700000, 0x00000000a6700000| Untracked 
|  22|0x00000000a6800000, 0x00000000a6800000, 0x00000000a6900000|  0%| F|  |TAMS 0x00000000a6800000, 0x00000000a6800000| Untracked 
|  23|0x00000000a6900000, 0x00000000a6900000, 0x00000000a6a00000|  0%| F|  |TAMS 0x00000000a6900000, 0x00000000a6900000| Untracked 
|  24|0x00000000a6a00000, 0x00000000a6a00000, 0x00000000a6b00000|  0%| F|  |TAMS 0x00000000a6a00000, 0x00000000a6a00000| Untracked 
|  25|0x00000000a6b00000, 0x00000000a6b00000, 0x00000000a6c00000|  0%| F|  |TAMS 0x00000000a6b00000, 0x00000000a6b00000| Untracked 
|  26|0x00000000a6c00000, 0x00000000a6c00000, 0x00000000a6d00000|  0%| F|  |TAMS 0x00000000a6c00000, 0x00000000a6c00000| Untracked 
|  27|0x00000000a6d00000, 0x00000000a6d00000, 0x00000000a6e00000|  0%| F|  |TAMS 0x00000000a6d00000, 0x00000000a6d00000| Untracked 
|  28|0x00000000a6e00000, 0x00000000a6e00000, 0x00000000a6f00000|  0%| F|  |TAMS 0x00000000a6e00000, 0x00000000a6e00000| Untracked 
|  29|0x00000000a6f00000, 0x00000000a6f00000, 0x00000000a7000000|  0%| F|  |TAMS 0x00000000a6f00000, 0x00000000a6f00000| Untracked 
|  30|0x00000000a7000000, 0x00000000a7000000, 0x00000000a7100000|  0%| F|  |TAMS 0x00000000a7000000, 0x00000000a7000000| Untracked 
|  31|0x00000000a7100000, 0x00000000a7100000, 0x00000000a7200000|  0%| F|  |TAMS 0x00000000a7100000, 0x00000000a7100000| Untracked 
|  32|0x00000000a7200000, 0x00000000a7200000, 0x00000000a7300000|  0%| F|  |TAMS 0x00000000a7200000, 0x00000000a7200000| Untracked 
|  33|0x00000000a7300000, 0x00000000a7300000, 0x00000000a7400000|  0%| F|  |TAMS 0x00000000a7300000, 0x00000000a7300000| Untracked 
|  34|0x00000000a7400000, 0x00000000a7400000, 0x00000000a7500000|  0%| F|  |TAMS 0x00000000a7400000, 0x00000000a7400000| Untracked 
|  35|0x00000000a7500000, 0x00000000a7500000, 0x00000000a7600000|  0%| F|  |TAMS 0x00000000a7500000, 0x00000000a7500000| Untracked 
|  36|0x00000000a7600000, 0x00000000a7600000, 0x00000000a7700000|  0%| F|  |TAMS 0x00000000a7600000, 0x00000000a7600000| Untracked 
|  37|0x00000000a7700000, 0x00000000a7700000, 0x00000000a7800000|  0%| F|  |TAMS 0x00000000a7700000, 0x00000000a7700000| Untracked 
|  38|0x00000000a7800000, 0x00000000a7800000, 0x00000000a7900000|  0%| F|  |TAMS 0x00000000a7800000, 0x00000000a7800000| Untracked 
|  39|0x00000000a7900000, 0x00000000a7900000, 0x00000000a7a00000|  0%| F|  |TAMS 0x00000000a7900000, 0x00000000a7900000| Untracked 
|  40|0x00000000a7a00000, 0x00000000a7a00000, 0x00000000a7b00000|  0%| F|  |TAMS 0x00000000a7a00000, 0x00000000a7a00000| Untracked 
|  41|0x00000000a7b00000, 0x00000000a7b00000, 0x00000000a7c00000|  0%| F|  |TAMS 0x00000000a7b00000, 0x00000000a7b00000| Untracked 
|  42|0x00000000a7c00000, 0x00000000a7c00000, 0x00000000a7d00000|  0%| F|  |TAMS 0x00000000a7c00000, 0x00000000a7c00000| Untracked 
|  43|0x00000000a7d00000, 0x00000000a7d00000, 0x00000000a7e00000|  0%| F|  |TAMS 0x00000000a7d00000, 0x00000000a7d00000| Untracked 
|  44|0x00000000a7e00000, 0x00000000a7e00000, 0x00000000a7f00000|  0%| F|  |TAMS 0x00000000a7e00000, 0x00000000a7e00000| Untracked 
|  45|0x00000000a7f00000, 0x00000000a7f00000, 0x00000000a8000000|  0%| F|  |TAMS 0x00000000a7f00000, 0x00000000a7f00000| Untracked 
|  46|0x00000000a8000000, 0x00000000a8000000, 0x00000000a8100000|  0%| F|  |TAMS 0x00000000a8000000, 0x00000000a8000000| Untracked 
|  47|0x00000000a8100000, 0x00000000a8100000, 0x00000000a8200000|  0%| F|  |TAMS 0x00000000a8100000, 0x00000000a8100000| Untracked 
|  48|0x00000000a8200000, 0x00000000a8200000, 0x00000000a8300000|  0%| F|  |TAMS 0x00000000a8200000, 0x00000000a8200000| Untracked 
|  49|0x00000000a8300000, 0x00000000a8300000, 0x00000000a8400000|  0%| F|  |TAMS 0x00000000a8300000, 0x00000000a8300000| Untracked 
|  50|0x00000000a8400000, 0x00000000a8400000, 0x00000000a8500000|  0%| F|  |TAMS 0x00000000a8400000, 0x00000000a8400000| Untracked 
|  51|0x00000000a8500000, 0x00000000a8500000, 0x00000000a8600000|  0%| F|  |TAMS 0x00000000a8500000, 0x00000000a8500000| Untracked 
|  52|0x00000000a8600000, 0x00000000a8600000, 0x00000000a8700000|  0%| F|  |TAMS 0x00000000a8600000, 0x00000000a8600000| Untracked 
|  53|0x00000000a8700000, 0x00000000a8700000, 0x00000000a8800000|  0%| F|  |TAMS 0x00000000a8700000, 0x00000000a8700000| Untracked 
|  54|0x00000000a8800000, 0x00000000a8800000, 0x00000000a8900000|  0%| F|  |TAMS 0x00000000a8800000, 0x00000000a8800000| Untracked 
|  55|0x00000000a8900000, 0x00000000a8900000, 0x00000000a8a00000|  0%| F|  |TAMS 0x00000000a8900000, 0x00000000a8900000| Untracked 
|  56|0x00000000a8a00000, 0x00000000a8a00000, 0x00000000a8b00000|  0%| F|  |TAMS 0x00000000a8a00000, 0x00000000a8a00000| Untracked 
|  57|0x00000000a8b00000, 0x00000000a8b00000, 0x00000000a8c00000|  0%| F|  |TAMS 0x00000000a8b00000, 0x00000000a8b00000| Untracked 
|  58|0x00000000a8c00000, 0x00000000a8c00000, 0x00000000a8d00000|  0%| F|  |TAMS 0x00000000a8c00000, 0x00000000a8c00000| Untracked 
|  59|0x00000000a8d00000, 0x00000000a8d00000, 0x00000000a8e00000|  0%| F|  |TAMS 0x00000000a8d00000, 0x00000000a8d00000| Untracked 
|  60|0x00000000a8e00000, 0x00000000a8e00000, 0x00000000a8f00000|  0%| F|  |TAMS 0x00000000a8e00000, 0x00000000a8e00000| Untracked 
|  61|0x00000000a8f00000, 0x00000000a8f00000, 0x00000000a9000000|  0%| F|  |TAMS 0x00000000a8f00000, 0x00000000a8f00000| Untracked 
|  62|0x00000000a9000000, 0x00000000a9000000, 0x00000000a9100000|  0%| F|  |TAMS 0x00000000a9000000, 0x00000000a9000000| Untracked 
|  63|0x00000000a9100000, 0x00000000a9100000, 0x00000000a9200000|  0%| F|  |TAMS 0x00000000a9100000, 0x00000000a9100000| Untracked 
|  64|0x00000000a9200000, 0x00000000a9200000, 0x00000000a9300000|  0%| F|  |TAMS 0x00000000a9200000, 0x00000000a9200000| Untracked 
|  65|0x00000000a9300000, 0x00000000a9300000, 0x00000000a9400000|  0%| F|  |TAMS 0x00000000a9300000, 0x00000000a9300000| Untracked 
|  66|0x00000000a9400000, 0x00000000a9400000, 0x00000000a9500000|  0%| F|  |TAMS 0x00000000a9400000, 0x00000000a9400000| Untracked 
|  67|0x00000000a9500000, 0x00000000a9500000, 0x00000000a9600000|  0%| F|  |TAMS 0x00000000a9500000, 0x00000000a9500000| Untracked 
|  68|0x00000000a9600000, 0x00000000a9600000, 0x00000000a9700000|  0%| F|  |TAMS 0x00000000a9600000, 0x00000000a9600000| Untracked 
|  69|0x00000000a9700000, 0x00000000a97ce990, 0x00000000a9800000| 80%| S|CS|TAMS 0x00000000a9700000, 0x00000000a9700000| Complete 
|  70|0x00000000a9800000, 0x00000000a9800000, 0x00000000a9900000|  0%| F|  |TAMS 0x00000000a9800000, 0x00000000a9800000| Untracked 
|  71|0x00000000a9900000, 0x00000000a9900000, 0x00000000a9a00000|  0%| F|  |TAMS 0x00000000a9900000, 0x00000000a9900000| Untracked 
|  72|0x00000000a9a00000, 0x00000000a9a8ac40, 0x00000000a9b00000| 54%| E|  |TAMS 0x00000000a9a00000, 0x00000000a9a00000| Complete 
|  73|0x00000000a9b00000, 0x00000000a9c00000, 0x00000000a9c00000|100%| E|CS|TAMS 0x00000000a9b00000, 0x00000000a9b00000| Complete 
|  74|0x00000000a9c00000, 0x00000000a9d00000, 0x00000000a9d00000|100%| E|CS|TAMS 0x00000000a9c00000, 0x00000000a9c00000| Complete 
|  75|0x00000000a9d00000, 0x00000000a9e00000, 0x00000000a9e00000|100%| E|CS|TAMS 0x00000000a9d00000, 0x00000000a9d00000| Complete 
|  76|0x00000000a9e00000, 0x00000000a9f00000, 0x00000000a9f00000|100%| E|CS|TAMS 0x00000000a9e00000, 0x00000000a9e00000| Complete 
|  77|0x00000000a9f00000, 0x00000000aa000000, 0x00000000aa000000|100%| E|CS|TAMS 0x00000000a9f00000, 0x00000000a9f00000| Complete 
|  78|0x00000000aa000000, 0x00000000aa100000, 0x00000000aa100000|100%| E|CS|TAMS 0x00000000aa000000, 0x00000000aa000000| Complete 
|  79|0x00000000aa100000, 0x00000000aa200000, 0x00000000aa200000|100%| E|CS|TAMS 0x00000000aa100000, 0x00000000aa100000| Complete 
|  80|0x00000000aa200000, 0x00000000aa300000, 0x00000000aa300000|100%| E|CS|TAMS 0x00000000aa200000, 0x00000000aa200000| Complete 
|  81|0x00000000aa300000, 0x00000000aa400000, 0x00000000aa400000|100%| E|CS|TAMS 0x00000000aa300000, 0x00000000aa300000| Complete 
|  82|0x00000000aa400000, 0x00000000aa500000, 0x00000000aa500000|100%| E|CS|TAMS 0x00000000aa400000, 0x00000000aa400000| Complete 
|  83|0x00000000aa500000, 0x00000000aa600000, 0x00000000aa600000|100%| E|CS|TAMS 0x00000000aa500000, 0x00000000aa500000| Complete 
|  84|0x00000000aa600000, 0x00000000aa700000, 0x00000000aa700000|100%| E|CS|TAMS 0x00000000aa600000, 0x00000000aa600000| Complete 
|  85|0x00000000aa700000, 0x00000000aa800000, 0x00000000aa800000|100%| E|CS|TAMS 0x00000000aa700000, 0x00000000aa700000| Complete 
|  86|0x00000000aa800000, 0x00000000aa900000, 0x00000000aa900000|100%| E|CS|TAMS 0x00000000aa800000, 0x00000000aa800000| Complete 
|  87|0x00000000aa900000, 0x00000000aaa00000, 0x00000000aaa00000|100%| E|CS|TAMS 0x00000000aa900000, 0x00000000aa900000| Complete 
|  88|0x00000000aaa00000, 0x00000000aab00000, 0x00000000aab00000|100%| E|CS|TAMS 0x00000000aaa00000, 0x00000000aaa00000| Complete 
|  89|0x00000000aab00000, 0x00000000aac00000, 0x00000000aac00000|100%| E|CS|TAMS 0x00000000aab00000, 0x00000000aab00000| Complete 
|  90|0x00000000aac00000, 0x00000000aad00000, 0x00000000aad00000|100%| E|CS|TAMS 0x00000000aac00000, 0x00000000aac00000| Complete 
|  91|0x00000000aad00000, 0x00000000aae00000, 0x00000000aae00000|100%| E|CS|TAMS 0x00000000aad00000, 0x00000000aad00000| Complete 

Card table byte_map: [0x0000015375d60000,0x0000015376040000] _byte_map_base: 0x0000015375837000

Marking Bits (Prev, Next): (CMBitMap*) 0x0000015362e04db8, (CMBitMap*) 0x0000015362e04df8
 Prev Bits: [0x0000015376320000, 0x00000153779d8000)
 Next Bits: [0x00000153779e0000, 0x0000015379098000)

Polling page: 0x0000015360d10000

Metaspace:

Usage:
  Non-class:     16.17 MB capacity,    15.84 MB ( 98%) used,   287.04 KB (  2%) free+waste,    49.19 KB ( <1%) overhead. 
      Class:      2.17 MB capacity,     1.97 MB ( 91%) used,   172.27 KB (  8%) free+waste,    24.94 KB (  1%) overhead. 
       Both:     18.33 MB capacity,    17.81 MB ( 97%) used,   459.31 KB (  2%) free+waste,    74.13 KB ( <1%) overhead. 

Virtual space:
  Non-class space:       18.00 MB reserved,      16.25 MB ( 90%) committed 
      Class space:        1.00 GB reserved,       2.25 MB ( <1%) committed 
             Both:        1.02 GB reserved,      18.50 MB (  2%) committed 

Chunk freelists:
   Non-Class:  21.00 KB
       Class:  0 bytes
        Both:  21.00 KB

MaxMetaspaceSize: 17179869184.00 GB
CompressedClassSpaceSize: 1.00 GB

CodeHeap 'non-profiled nmethods': size=238912Kb used=2536Kb max_used=2536Kb free=236375Kb
 bounds [0x0000015367130000, 0x00000153673b0000, 0x0000015375a80000]
CodeHeap 'non-nmethods': size=6848Kb used=1174Kb max_used=1174Kb free=5673Kb
 bounds [0x0000015366a80000, 0x0000015366cf0000, 0x0000015367130000]
 total_blobs=2228 nmethods=1788 adapters=369
 compilation: enabled
              stopped_count=0, restarted_count=0
 full_count=0

Compilation events (20 events):
Event: 8.279 Thread 0x000001537bdf4000 1777       1       jdk.internal.module.Resources::toPackageName (39 bytes)
Event: 8.281 Thread 0x000001537bdf4000 nmethod 1777 0x00000153673a6690 code [0x00000153673a6860, 0x00000153673a6a38]
Event: 8.283 Thread 0x000001537bdf4000 1778   !   1       jdk.internal.loader.BuiltinClassLoader::findMiscResource (118 bytes)
Event: 8.286 Thread 0x000001537bdf4000 nmethod 1778 0x00000153673a6c10 code [0x00000153673a6e40, 0x00000153673a77f8]
Event: 8.289 Thread 0x000001537bdf4000 1779       1       jdk.internal.loader.BuiltinClassLoader::checkURL (5 bytes)
Event: 8.290 Thread 0x000001537bdf4000 nmethod 1779 0x00000153673a7c10 code [0x00000153673a7da0, 0x00000153673a7ea8]
Event: 8.290 Thread 0x000001537bdf4000 1780   !   1       jdk.internal.loader.URLClassPath::checkURL (16 bytes)
Event: 8.290 Thread 0x000001537bdf4000 nmethod 1780 0x00000153673a7f90 code [0x00000153673a8120, 0x00000153673a8228]
Event: 8.296 Thread 0x000001537bdf4000 1781       1       sun.invoke.util.VerifyAccess::getClassModifiers (24 bytes)
Event: 8.297 Thread 0x000001537bdf4000 nmethod 1781 0x00000153673a8310 code [0x00000153673a84c0, 0x00000153673a85e8]
Event: 8.300 Thread 0x000001537bdf4000 1782       1       java.util.LinkedHashMap$LinkedKeySet::iterator (12 bytes)
Event: 8.301 Thread 0x000001537bdf4000 nmethod 1782 0x00000153673a8710 code [0x00000153673a88a0, 0x00000153673a8ad8]
Event: 8.302 Thread 0x000001537bdf4000 1783       1       java.util.LinkedHashMap$LinkedKeyIterator::<init> (11 bytes)
Event: 8.302 Thread 0x000001537bdf4000 nmethod 1783 0x00000153673a8b90 code [0x00000153673a8d20, 0x00000153673a8f38]
Event: 8.302 Thread 0x000001537bdf4000 1784       1       java.lang.StackTraceElement::getClassName (5 bytes)
Event: 8.303 Thread 0x000001537bdf4000 nmethod 1784 0x00000153673a9010 code [0x00000153673a91a0, 0x00000153673a9258]
Event: 8.358 Thread 0x000001537bdf4000 1785       1       org.springframework.core.env.PropertySource::hashCode (8 bytes)
Event: 8.359 Thread 0x000001537bdf4000 nmethod 1785 0x00000153673a9310 code [0x00000153673a94a0, 0x00000153673a9568]
Event: 8.376 Thread 0x000001537bdf4000 1786       1       java.lang.invoke.MethodType::changeReturnType (20 bytes)
Event: 8.378 Thread 0x000001537bdf4000 nmethod 1786 0x00000153673a9610 code [0x00000153673a97a0, 0x00000153673a98a8]

GC Heap History (6 events):
Event: 3.290 GC heap before
{Heap before GC invocations=0 (full 0):
 garbage-first heap   total 94208K, used 12288K [0x00000000a5200000, 0x0000000100000000)
  region size 1024K, 13 young (13312K), 0 survivors (0K)
 Metaspace       used 10010K, capacity 10143K, committed 10368K, reserved 1058816K
  class space    used 1018K, capacity 1068K, committed 1152K, reserved 1048576K
}
Event: 3.312 GC heap after
{Heap after GC invocations=1 (full 0):
 garbage-first heap   total 94208K, used 4409K [0x00000000a5200000, 0x0000000100000000)
  region size 1024K, 2 young (2048K), 2 survivors (2048K)
 Metaspace       used 10010K, capacity 10143K, committed 10368K, reserved 1058816K
  class space    used 1018K, capacity 1068K, committed 1152K, reserved 1048576K
}
Event: 4.936 GC heap before
{Heap before GC invocations=1 (full 0):
 garbage-first heap   total 94208K, used 14649K [0x00000000a5200000, 0x0000000100000000)
  region size 1024K, 12 young (12288K), 2 survivors (2048K)
 Metaspace       used 14478K, capacity 14828K, committed 14976K, reserved 1062912K
  class space    used 1528K, capacity 1659K, committed 1664K, reserved 1048576K
}
Event: 4.958 GC heap after
{Heap after GC invocations=2 (full 0):
 garbage-first heap   total 94208K, used 6085K [0x00000000a5200000, 0x0000000100000000)
  region size 1024K, 2 young (2048K), 2 survivors (2048K)
 Metaspace       used 14478K, capacity 14828K, committed 14976K, reserved 1062912K
  class space    used 1528K, capacity 1659K, committed 1664K, reserved 1048576K
}
Event: 6.026 GC heap before
{Heap before GC invocations=2 (full 0):
 garbage-first heap   total 94208K, used 25541K [0x00000000a5200000, 0x0000000100000000)
  region size 1024K, 22 young (22528K), 2 survivors (2048K)
 Metaspace       used 15640K, capacity 16066K, committed 16256K, reserved 1062912K
  class space    used 1673K, capacity 1820K, committed 1920K, reserved 1048576K
}
Event: 6.042 GC heap after
{Heap after GC invocations=3 (full 0):
 garbage-first heap   total 94208K, used 6876K [0x00000000a5200000, 0x0000000100000000)
  region size 1024K, 1 young (1024K), 1 survivors (1024K)
 Metaspace       used 15640K, capacity 16066K, committed 16256K, reserved 1062912K
  class space    used 1673K, capacity 1820K, committed 1920K, reserved 1048576K
}

Deoptimization events (0 events):
No events

Classes unloaded (0 events):
No events

Classes redefined (0 events):
No events

Internal exceptions (20 events):
Event: 5.427 Thread 0x000001537c60e000 Exception <a 'java/lang/reflect/InvocationTargetException'{0x00000000aa9bc690}> (0x00000000aa9bc690) 
thrown [./open/src/hotspot/share/runtime/reflection.cpp, line 1188]
Event: 5.490 Thread 0x0000015362dc9800 Exception <a 'java/lang/NoSuchMethodError'{0x00000000aa82cd90}: 'int java.lang.invoke.DirectMethodHandle$Holder.invokeStaticInit(java.lang.Object, java.lang.Object, java.lang.Object)'> (0x00000000aa82cd90) 
thrown [./open/src/hotspot/share/interpreter/linkResolver.cpp, line 766]
Event: 5.522 Thread 0x0000015362dc9800 Exception <a 'java/lang/NoSuchMethodError'{0x00000000aa86ce88}: 'java.lang.Object java.lang.invoke.DirectMethodHandle$Holder.invokeVirtual(java.lang.Object, java.lang.Object, java.lang.Object)'> (0x00000000aa86ce88) 
thrown [./open/src/hotspot/share/interpreter/linkResolver.cpp, line 766]
Event: 5.556 Thread 0x0000015362dc9800 Exception <a 'java/lang/NoSuchMethodError'{0x00000000aa8c0c58}: 'void java.lang.invoke.DirectMethodHandle$Holder.invokeSpecial(java.lang.Object, java.lang.Object)'> (0x00000000aa8c0c58) 
thrown [./open/src/hotspot/share/interpreter/linkResolver.cpp, line 766]
Event: 5.937 Thread 0x000001537c60e000 Exception <a 'java/lang/reflect/InvocationTargetException'{0x00000000aa9c0958}> (0x00000000aa9c0958) 
thrown [./open/src/hotspot/share/runtime/reflection.cpp, line 1188]
Event: 6.445 Thread 0x000001537c60e000 Exception <a 'java/lang/reflect/InvocationTargetException'{0x00000000aaa47560}> (0x00000000aaa47560) 
thrown [./open/src/hotspot/share/runtime/reflection.cpp, line 1188]
Event: 6.892 Thread 0x000001537d563000 Exception <a 'java/io/FileNotFoundException'{0x00000000aa837fb8}> (0x00000000aa837fb8) 
thrown [./open/src/hotspot/share/prims/jni.cpp, line 599]
Event: 6.953 Thread 0x000001537c60e000 Exception <a 'java/lang/reflect/InvocationTargetException'{0x00000000aaa4b7c8}> (0x00000000aaa4b7c8) 
thrown [./open/src/hotspot/share/runtime/reflection.cpp, line 1188]
Event: 7.461 Thread 0x000001537c60e000 Exception <a 'java/lang/reflect/InvocationTargetException'{0x00000000aaa4f810}> (0x00000000aaa4f810) 
thrown [./open/src/hotspot/share/runtime/reflection.cpp, line 1188]
Event: 7.642 Thread 0x000001537d563000 Exception <a 'java/lang/NoSuchMethodError'{0x00000000aa28e588}: 'int java.lang.invoke.DirectMethodHandle$Holder.invokeSpecial(java.lang.Object, java.lang.Object, java.lang.Object, java.lang.Object)'> (0x00000000aa28e588) 
thrown [./open/src/hotspot/share/interpreter/linkResolver.cpp, line 766]
Event: 7.774 Thread 0x000001537d563000 Exception <a 'java/lang/NoSuchMethodError'{0x00000000aa0639d8}: 'void java.lang.invoke.DirectMethodHandle$Holder.invokeSpecial(java.lang.Object, java.lang.Object, java.lang.Object, java.lang.Object)'> (0x00000000aa0639d8) 
thrown [./open/src/hotspot/share/interpreter/linkResolver.cpp, line 766]
Event: 7.817 Thread 0x000001537d563000 Exception <a 'java/lang/NoSuchMethodError'{0x00000000a9f8dbf0}: 'java.lang.Object java.lang.invoke.Invokers$Holder.linkToTargetMethod(java.lang.Object, java.lang.Object, java.lang.Object, java.lang.Object, java.lang.Object, java.lang.Object)'> (0x00000000a9f8dbf0) 
thrown [./open/src/hotspot/share/interpreter/linkResolver.cpp, line 766]
Event: 7.969 Thread 0x000001537c60e000 Exception <a 'java/lang/reflect/InvocationTargetException'{0x00000000aaa53858}> (0x00000000aaa53858) 
thrown [./open/src/hotspot/share/runtime/reflection.cpp, line 1188]
Event: 8.114 Thread 0x000001537d563000 Exception <a 'java/lang/NoSuchMethodError'{0x00000000a9d97d78}: 'java.lang.Object java.lang.invoke.DirectMethodHandle$Holder.invokeSpecial(java.lang.Object, java.lang.Object, java.lang.Object, java.lang.Object, java.lang.Object, java.lang.Object, int)'> (0x00000000a9d97d78) 
thrown [./open/src/hotspot/share/interpreter/linkResolver.cpp, line 766]
Event: 8.115 Thread 0x000001537d563000 Exception <a 'java/lang/NoSuchMethodError'{0x00000000a9da0cb8}: 'java.lang.Object java.lang.invoke.DirectMethodHandle$Holder.invokeStatic(java.lang.Object, java.lang.Object, java.lang.Object, java.lang.Object, java.lang.Object, java.lang.Object, int)'> (0x00000000a9da0cb8) 
thrown [./open/src/hotspot/share/interpreter/linkResolver.cpp, line 766]
Event: 8.119 Thread 0x000001537d563000 Exception <a 'java/lang/NoSuchMethodError'{0x00000000a9da46a0}: 'java.lang.Object java.lang.invoke.DirectMethodHandle$Holder.invokeSpecial(java.lang.Object, java.lang.Object, java.lang.Object, java.lang.Object, java.lang.Object, java.lang.Object, java.lang.Object, int)'> (0x00000000a9da46a0) 
thrown [./open/src/hotspot/share/interpreter/linkResolver.cpp, line 766]
Event: 8.140 Thread 0x000001537d563000 Exception <a 'java/lang/NoSuchMethodError'{0x00000000a9df5880}: 'java.lang.Object java.lang.invoke.DirectMethodHandle$Holder.invokeStatic(java.lang.Object, java.lang.Object, int, java.lang.Object)'> (0x00000000a9df5880) 
thrown [./open/src/hotspot/share/interpreter/linkResolver.cpp, line 766]
Event: 8.141 Thread 0x000001537d563000 Exception <a 'java/lang/NoSuchMethodError'{0x00000000a9dfbb18}: 'java.lang.Object java.lang.invoke.Invokers$Holder.linkToTargetMethod(java.lang.Object, int, java.lang.Object, java.lang.Object)'> (0x00000000a9dfbb18) 
thrown [./open/src/hotspot/share/interpreter/linkResolver.cpp, line 766]
Event: 8.143 Thread 0x000001537d563000 Exception <a 'java/lang/NoSuchMethodError'{0x00000000a9c011d8}: 'void java.lang.invoke.DirectMethodHandle$Holder.invokeSpecial(java.lang.Object, java.lang.Object, java.lang.Object, java.lang.Object, java.lang.Object, java.lang.Object)'> (0x00000000a9c011d8) 
thrown [./open/src/hotspot/share/interpreter/linkResolver.cpp, line 766]
Event: 8.158 Thread 0x000001537d563000 Exception <a 'java/lang/NoSuchMethodError'{0x00000000a9c2f2c8}: 'int java.lang.invoke.DirectMethodHandle$Holder.invokeVirtual(java.lang.Object, java.lang.Object)'> (0x00000000a9c2f2c8) 
thrown [./open/src/hotspot/share/interpreter/linkResolver.cpp, line 766]

Events (20 events):
Event: 8.112 loading class java/util/stream/SpinedBuffer
Event: 8.112 loading class java/util/stream/AbstractSpinedBuffer
Event: 8.112 loading class java/util/stream/AbstractSpinedBuffer done
Event: 8.112 loading class java/util/stream/SpinedBuffer done
Event: 8.113 loading class java/util/function/BooleanSupplier
Event: 8.113 loading class java/util/function/BooleanSupplier done
Event: 8.128 Executing VM operation: HandshakeOneThread
Event: 8.128 Executing VM operation: HandshakeOneThread done
Event: 8.141 Executing VM operation: HandshakeOneThread
Event: 8.141 Executing VM operation: HandshakeOneThread done
Event: 8.144 Executing VM operation: HandshakeOneThread
Event: 8.144 Executing VM operation: HandshakeOneThread done
Event: 8.157 loading class java/io/FileFilter
Event: 8.157 loading class java/io/FileFilter done
Event: 8.159 Executing VM operation: HandshakeOneThread
Event: 8.159 Executing VM operation: HandshakeOneThread done
Event: 8.165 loading class java/net/URLClassLoader$2
Event: 8.166 loading class java/net/URLClassLoader$2 done
Event: 8.293 loading class java/util/LinkedList$LLSpliterator
Event: 8.294 loading class java/util/LinkedList$LLSpliterator done


Dynamic libraries:
0x00007ff68d8f0000 - 0x00007ff68d8fd000 	C:\Users\Chris Maria\Downloads\sts-4.8.0.RELEASE\plugins\org.eclipse.justj.openjdk.hotspot.jre.full.win32.x86_64_14.0.2.v20200815-0932\jre\bin\javaw.exe
0x00007ffeceef0000 - 0x00007ffecf0d0000 	C:\Windows\SYSTEM32\ntdll.dll
0x00007ffece7c0000 - 0x00007ffece86e000 	C:\Windows\System32\KERNEL32.DLL
0x00007ffecb350000 - 0x00007ffecb5b6000 	C:\Windows\System32\KERNELBASE.dll
0x00007ffecbd90000 - 0x00007ffecbe84000 	C:\Windows\System32\ucrtbase.dll
0x00007ffe9d730000 - 0x00007ffe9d748000 	C:\Users\Chris Maria\Downloads\sts-4.8.0.RELEASE\plugins\org.eclipse.justj.openjdk.hotspot.jre.full.win32.x86_64_14.0.2.v20200815-0932\jre\bin\jli.dll
0x00007ffece3d0000 - 0x00007ffece55f000 	C:\Windows\System32\USER32.dll
0x00007ffecbe90000 - 0x00007ffecbeb0000 	C:\Windows\System32\win32u.dll
0x00007ffecc840000 - 0x00007ffecc868000 	C:\Windows\System32\GDI32.dll
0x00007ffecc050000 - 0x00007ffecc1e3000 	C:\Windows\System32\gdi32full.dll
0x00007ffecbeb0000 - 0x00007ffecbf4b000 	C:\Windows\System32\msvcp_win.dll
0x00007ffe9d390000 - 0x00007ffe9d3a5000 	C:\Users\Chris Maria\Downloads\sts-4.8.0.RELEASE\plugins\org.eclipse.justj.openjdk.hotspot.jre.full.win32.x86_64_14.0.2.v20200815-0932\jre\bin\VCRUNTIME140.dll
0x00007ffebd940000 - 0x00007ffebdba9000 	C:\Windows\WinSxS\amd64_microsoft.windows.common-controls_6595b64144ccf1df_6.0.16299.2107_none_0f8874285a6cbc77\COMCTL32.dll
0x00007ffece980000 - 0x00007ffecea1d000 	C:\Windows\System32\msvcrt.dll
0x00007ffecc870000 - 0x00007ffeccb76000 	C:\Windows\System32\combase.dll
0x00007ffecc3c0000 - 0x00007ffecc4df000 	C:\Windows\System32\RPCRT4.dll
0x00007ffecbd10000 - 0x00007ffecbd88000 	C:\Windows\System32\bcryptPrimitives.dll
0x00007ffecea40000 - 0x00007ffecea6d000 	C:\Windows\System32\IMM32.DLL
0x00007ffe8f5e0000 - 0x00007ffe8f67b000 	C:\Users\Chris Maria\Downloads\sts-4.8.0.RELEASE\plugins\org.eclipse.justj.openjdk.hotspot.jre.full.win32.x86_64_14.0.2.v20200815-0932\jre\bin\msvcp140.dll
0x00007ffe91d90000 - 0x00007ffe928ae000 	C:\Users\Chris Maria\Downloads\sts-4.8.0.RELEASE\plugins\org.eclipse.justj.openjdk.hotspot.jre.full.win32.x86_64_14.0.2.v20200815-0932\jre\bin\server\jvm.dll
0x00007ffece560000 - 0x00007ffece601000 	C:\Windows\System32\ADVAPI32.dll
0x00007ffeccc80000 - 0x00007ffecccdb000 	C:\Windows\System32\sechost.dll
0x00007ffece680000 - 0x00007ffece688000 	C:\Windows\System32\PSAPI.DLL
0x00007ffebdc10000 - 0x00007ffebdc19000 	C:\Windows\SYSTEM32\WSOCK32.dll
0x00007ffece610000 - 0x00007ffece67c000 	C:\Windows\System32\WS2_32.dll
0x00007ffec89a0000 - 0x00007ffec89c3000 	C:\Windows\SYSTEM32\WINMM.dll
0x00007ffeca130000 - 0x00007ffeca13a000 	C:\Windows\SYSTEM32\VERSION.dll
0x00007ffec8940000 - 0x00007ffec896a000 	C:\Windows\SYSTEM32\WINMMBASE.dll
0x00007ffecc000000 - 0x00007ffecc04a000 	C:\Windows\System32\cfgmgr32.dll
0x00007ffecb2b0000 - 0x00007ffecb2c1000 	C:\Windows\System32\kernel.appcore.dll
0x00007ffec2620000 - 0x00007ffec262a000 	C:\Users\Chris Maria\Downloads\sts-4.8.0.RELEASE\plugins\org.eclipse.justj.openjdk.hotspot.jre.full.win32.x86_64_14.0.2.v20200815-0932\jre\bin\jimage.dll
0x00007ffecada0000 - 0x00007ffecaf68000 	C:\Windows\SYSTEM32\DBGHELP.DLL
0x00007ffeca970000 - 0x00007ffeca999000 	C:\Windows\SYSTEM32\dbgcore.DLL
0x00007ffea72a0000 - 0x00007ffea72c5000 	C:\Users\Chris Maria\Downloads\sts-4.8.0.RELEASE\plugins\org.eclipse.justj.openjdk.hotspot.jre.full.win32.x86_64_14.0.2.v20200815-0932\jre\bin\java.dll
0x00007ffebc190000 - 0x00007ffebc1a6000 	C:\Users\Chris Maria\Downloads\sts-4.8.0.RELEASE\plugins\org.eclipse.justj.openjdk.hotspot.jre.full.win32.x86_64_14.0.2.v20200815-0932\jre\bin\zip.dll
0x00007ffeccf80000 - 0x00007ffece3be000 	C:\Windows\System32\SHELL32.dll
0x00007ffeccd60000 - 0x00007ffecce06000 	C:\Windows\System32\shcore.dll
0x00007ffecb5c0000 - 0x00007ffecbd0d000 	C:\Windows\System32\windows.storage.dll
0x00007ffecc4e0000 - 0x00007ffecc531000 	C:\Windows\System32\shlwapi.dll
0x00007ffecb240000 - 0x00007ffecb28c000 	C:\Windows\System32\powrprof.dll
0x00007ffecb290000 - 0x00007ffecb2ab000 	C:\Windows\System32\profapi.dll
0x00007ffebbf60000 - 0x00007ffebbf79000 	C:\Users\Chris Maria\Downloads\sts-4.8.0.RELEASE\plugins\org.eclipse.justj.openjdk.hotspot.jre.full.win32.x86_64_14.0.2.v20200815-0932\jre\bin\net.dll
0x00007ffec66a0000 - 0x00007ffec677e000 	C:\Windows\SYSTEM32\WINHTTP.dll
0x00007ffeca780000 - 0x00007ffeca7e6000 	C:\Windows\system32\mswsock.dll
0x00007ffea3de0000 - 0x00007ffea3df2000 	C:\Users\Chris Maria\Downloads\sts-4.8.0.RELEASE\plugins\org.eclipse.justj.openjdk.hotspot.jre.full.win32.x86_64_14.0.2.v20200815-0932\jre\bin\nio.dll
0x00007ffec55d0000 - 0x00007ffec55d9000 	C:\Users\Chris Maria\Downloads\sts-4.8.0.RELEASE\plugins\org.eclipse.justj.openjdk.hotspot.jre.full.win32.x86_64_14.0.2.v20200815-0932\jre\bin\management.dll
0x00007ffec53d0000 - 0x00007ffec53db000 	C:\Users\Chris Maria\Downloads\sts-4.8.0.RELEASE\plugins\org.eclipse.justj.openjdk.hotspot.jre.full.win32.x86_64_14.0.2.v20200815-0932\jre\bin\management_ext.dll
0x00007ffe974c0000 - 0x00007ffe974d6000 	C:\Windows\system32\napinsp.dll
0x00007ffe97040000 - 0x00007ffe9705a000 	C:\Windows\system32\pnrpnsp.dll
0x00007ffec7710000 - 0x00007ffec7728000 	C:\Windows\system32\NLAapi.dll
0x00007ffeca510000 - 0x00007ffeca5c7000 	C:\Windows\SYSTEM32\DNSAPI.dll
0x00007ffecc540000 - 0x00007ffecc548000 	C:\Windows\System32\NSI.dll
0x00007ffeca4d0000 - 0x00007ffeca509000 	C:\Windows\SYSTEM32\IPHLPAPI.DLL
0x00007ffec2630000 - 0x00007ffec263e000 	C:\Windows\System32\winrnr.dll
0x00007ffeaae10000 - 0x00007ffeaae25000 	C:\Windows\System32\wshbth.dll
0x00007ffec3060000 - 0x00007ffec306a000 	C:\Windows\System32\rasadhlp.dll
0x00007ffec4300000 - 0x00007ffec4370000 	C:\Windows\System32\fwpuclnt.dll
0x00007ffecad70000 - 0x00007ffecad95000 	C:\Windows\SYSTEM32\bcrypt.dll
0x00007ffecaf70000 - 0x00007ffecaf87000 	C:\Windows\SYSTEM32\CRYPTSP.dll
0x00007ffeca340000 - 0x00007ffeca373000 	C:\Windows\system32\rsaenh.dll
0x00007ffecb140000 - 0x00007ffecb169000 	C:\Windows\SYSTEM32\USERENV.dll
0x00007ffeca960000 - 0x00007ffeca96b000 	C:\Windows\SYSTEM32\CRYPTBASE.dll
0x00007ffec4830000 - 0x00007ffec4846000 	C:\Windows\SYSTEM32\dhcpcsvc6.DLL
0x00007ffec4da0000 - 0x00007ffec4dba000 	C:\Windows\SYSTEM32\dhcpcsvc.DLL

dbghelp: loaded successfully - version: 4.0.5 - missing functions: none
symbol engine: initialized successfully - sym options: 0x614 - pdb path: .;C:\Users\Chris Maria\Downloads\sts-4.8.0.RELEASE\plugins\org.eclipse.justj.openjdk.hotspot.jre.full.win32.x86_64_14.0.2.v20200815-0932\jre\bin;C:\Windows\SYSTEM32;C:\Windows\WinSxS\amd64_microsoft.windows.common-controls_6595b64144ccf1df_6.0.16299.2107_none_0f8874285a6cbc77;C:\Users\Chris Maria\Downloads\sts-4.8.0.RELEASE\plugins\org.eclipse.justj.openjdk.hotspot.jre.full.win32.x86_64_14.0.2.v20200815-0932\jre\bin\server

VM Arguments:
jvm_args: -Dcom.sun.management.jmxremote -Dcom.sun.management.jmxremote.port=7869 -Dcom.sun.management.jmxremote.authenticate=false -Dcom.sun.management.jmxremote.ssl=false -Djava.rmi.server.hostname=localhost -Dspring.jmx.enabled=true -Dspring.application.admin.enabled=true -Xverify:none -XX:TieredStopAtLevel=1 -Dspring.boot.project.name=SpringConfigServerModule -Dfile.encoding=UTF-8 -XX:+ShowCodeDetailsInExceptionMessages 
java_command: com.example.microservice.MicroserviceDemoApplication --spring.output.ansi.enabled=always
java_class_path (initial): C:\Dependencies\demo-configserver\target\classes;C:\Users\Chris Maria\.m2\repository\org\springframework\cloud\spring-cloud-config-server\2.2.5.RELEASE\spring-cloud-config-server-2.2.5.RELEASE.jar;C:\Users\Chris Maria\.m2\repository\org\springframework\cloud\spring-cloud-config-client\2.2.5.RELEASE\spring-cloud-config-client-2.2.5.RELEASE.jar;C:\Users\Chris Maria\.m2\repository\org\springframework\cloud\spring-cloud-commons\2.2.5.RELEASE\spring-cloud-commons-2.2.5.RELEASE.jar;C:\Users\Chris Maria\.m2\repository\org\springframework\cloud\spring-cloud-context\2.2.5.RELEASE\spring-cloud-context-2.2.5.RELEASE.jar;C:\Users\Chris Maria\.m2\repository\org\springframework\spring-web\5.2.9.RELEASE\spring-web-5.2.9.RELEASE.jar;C:\Users\Chris Maria\.m2\repository\org\springframework\spring-beans\5.2.9.RELEASE\spring-beans-5.2.9.RELEASE.jar;C:\Users\Chris Maria\.m2\repository\com\fasterxml\jackson\core\jackson-annotations\2.11.2\jackson-annotations-2.11.2.jar;C:\Users\Chris Maria\.m2\repository\com\fasterxml\jackson\core\jackson-databind\2.11.2\jackson-databind-2.11.2.jar;C:\Users\Chris Maria\.m2\repository\org\apache\httpcomponents\httpclient\4.5.12\httpclient-4.5.12.jar;C:\Users\Chris Maria\.m2\repository\commons-codec\commons-codec\1.14\commons-codec-1.14.jar;C:\Users\Chris Maria\.m2\repository\org\springframework\boot\spring-boot-starter-actuator\2.3.4.RELEASE\spring-boot-starter-actuator-2.3.4.RELEASE.jar;C:\Users\Chris Maria\.m2\repository\org\springframework\boot\spring-boot-actuator-autoconfigure\2.3.4.RELEASE\spring-boot-actuator-autoconfigure-2.3.4.RELEASE.jar;C:\Users\Chris Maria\.m2\repository\org\springframework\boot\spring-boot-actuator\2.3.4.RELEASE\spring-boot-actuator-2.3.4.RELEASE.jar;C:\Users\Chris Maria\.m2\repository\com\fasterxml\jackson\datatype\jackson-datatype-jsr310\2.11.2\jackson-datatype-jsr310-2.11.2.jar;C:\Users\Chris Maria\.m2\repository\io\micrometer\micrometer-core\1.5.5\micrometer-core-1.5.5.jar;C:\Users\Chris Maria
Launcher Type: SUN_STANDARD

[Global flags]
     intx CICompilerCount                          = 3                                         {product} {ergonomic}
     uint ConcGCThreads                            = 1                                         {product} {ergonomic}
     uint G1ConcRefinementThreads                  = 4                                         {product} {ergonomic}
   size_t G1HeapRegionSize                         = 1048576                                   {product} {ergonomic}
    uintx GCDrainStackTargetSize                   = 64                                        {product} {ergonomic}
   size_t InitialHeapSize                          = 96468992                                  {product} {ergonomic}
     bool ManagementServer                         = true                                      {product} {command line}
   size_t MarkStackSize                            = 4194304                                   {product} {ergonomic}
   size_t MaxHeapSize                              = 1524629504                                {product} {ergonomic}
   size_t MaxNewSize                               = 914358272                                 {product} {ergonomic}
   size_t MinHeapDeltaBytes                        = 1048576                                   {product} {ergonomic}
   size_t MinHeapSize                              = 8388608                                   {product} {ergonomic}
    uintx NonNMethodCodeHeapSize                   = 6973028                                {pd product} {ergonomic}
    uintx NonProfiledCodeHeapSize                  = 244685212                              {pd product} {ergonomic}
    uintx ProfiledCodeHeapSize                     = 0                                      {pd product} {ergonomic}
    uintx ReservedCodeCacheSize                    = 251658240                              {pd product} {ergonomic}
     bool SegmentedCodeCache                       = true                                      {product} {ergonomic}
     bool ShowCodeDetailsInExceptionMessages       = true                                   {manageable} {command line}
   size_t SoftMaxHeapSize                          = 1524629504                             {manageable} {ergonomic}
     intx TieredStopAtLevel                        = 1                                         {product} {command line}
     bool UseCompressedClassPointers               = true                                 {lp64_product} {ergonomic}
     bool UseCompressedOops                        = true                                 {lp64_product} {ergonomic}
     bool UseG1GC                                  = true                                      {product} {ergonomic}
     bool UseLargePagesIndividualAllocation        = false                                  {pd product} {ergonomic}

Logging:
Log output configuration:
 #0: stdout all=warning uptime,level,tags
 #1: stderr all=off uptime,level,tags

Environment Variables:
JAVA_HOME=C:\Program Files\Java\jdk1.8.0_261
PATH=C:/Users/Chris Maria/Downloads/sts-4.8.0.RELEASE//plugins/org.eclipse.justj.openjdk.hotspot.jre.full.win32.x86_64_14.0.2.v20200815-0932/jre/bin/server;C:/Users/Chris Maria/Downloads/sts-4.8.0.RELEASE//plugins/org.eclipse.justj.openjdk.hotspot.jre.full.win32.x86_64_14.0.2.v20200815-0932/jre/bin;C:\ProgramData\Oracle\Java\javapath;C:\Program Files (x86)\Common Files\Oracle\Java\javapath;C:\Windows\system32;C:\Windows;C:\Windows\System32\Wbem;C:\Windows\System32\WindowsPowerShell\v1.0\;C:\Program Files\Microsoft SQL Server\120\DTS\Binn\;C:\Program Files\Microsoft SQL Server\Client SDK\ODBC\110\Tools\Binn\;C:\Program Files (x86)\Microsoft SQL Server\120\Tools\Binn\;C:\Program Files\Microsoft SQL Server\120\Tools\Binn\;C:\Program Files (x86)\Microsoft SQL Server\120\Tools\Binn\ManagementStudio\;C:\Program Files (x86)\Microsoft SQL Server\120\DTS\Binn\;C:\Windows\system32\config\systemprofile\.dnx\bin;C:\Program Files\Microsoft DNX\Dnvm\;C:\Program Files (x86)\Java\jre1.8.0_151\lib\ext\mysql-connector-java-5.1.25-bin;C:\Program Files\Git\cmd;C:\Program Files\Java\jdk1.8.0_261\bin;C:\Program Files\apache maven\apache-maven-3.6.3\bin;C:\Program Files\nodejs\;C:\Program Files\PostgreSQL\12\bin;C:\Program Files\apache-ant\apache-ant-1.8.2\bin;C:\Program Files\MySQL\MySQL Server 8.0\bin;C:\Users\Chris Maria\.dnx\bin;C:\Users\Chris Maria\AppData\Local\Microsoft\WindowsApps;C:\Program Files (x86)\Java\jdk1.8.0_151\bin;C:\Program Files (x86)\Java\jre1.8.0_151\lib\ext\mysql-connector-java-5.1.25-bin;C:\Users\Chris Maria\AppData\Roaming\npm;C:\Program Files (x86)\pgAdmin III;C:\Users\Chris Maria\Downloads\sts-4.8.0.RELEASE;
USERNAME=Chris Maria
OS=Windows_NT
PROCESSOR_IDENTIFIER=Intel64 Family 6 Model 37 Stepping 2, GenuineIntel



---------------  S Y S T E M  ---------------

OS: Windows 10 , 64 bit Build 16299 (10.0.16299.1806)
OS uptime: 1 days 9:42 hours

CPU:total 4 (initial active 4) (2 cores per cpu, 2 threads per core) family 6 model 37 stepping 2, cmov, cx8, fxsr, mmx, sse, sse2, sse3, ssse3, sse4.1, sse4.2, popcnt, ht, tsc, tscinvbit

Memory: 4k page, system-wide physical 5812M (581M free)
TotalPageFile size 9646M (AvailPageFile size 1320M)
current process WorkingSet (physical memory assigned to process): 91M, peak: 91M
current process commit charge ("private bytes"): 181M, peak: 181M

vm_info: OpenJDK 64-Bit Server VM (14.0.2+12-46) for windows-amd64 JRE (14.0.2+12-46), built on Jul  9 2020 00:31:16 by "mach5one" with MS VC++ 15.9 (VS2017)

END.
